Log file open, 10/28/15 17:36:00
LogInit:Display: Running engine for game: UE4
LogInit: Version: 4.7.4-2497108+++depot+UE4-Releases+4.7
LogInit: API Version: 2455222
LogInit: Compiled (64-bit): Mar 31 2015 09:40:25
LogInit: Compiled with Visual C++: 18.00.21005.01
LogInit: Build Configuration: Development
LogInit: Branch Name: ++depot+UE4-Releases+4.7
LogInit: Command line: 
LogInit: Base directory: C:/Program Files/Unreal Engine 4/4.7/Engine/Binaries/Win64/
LogInit: Rocket: 1
[2015.10.28-06.36.00:680][  0]LogTaskGraph: Started task graph with 3 named threads and 6 total threads.
[2015.10.28-06.36.00:749][  0]LogOnline:Warning: No default platform service specified for OnlineSubsystem
[2015.10.28-06.36.00:765][  0]LogInit: Presizing for 0 objects not considered by GC, pre-allocating 0 bytes.
[2015.10.28-06.36.00:775][  0]LogInit: Object subsystem initialized
[2015.10.28-06.36.00:777][  0]LogConsoleResponse:Warning: Skipping Unknown console variable: 'TranslucentSortAxis = (X=0.000000,Y=-1.000000,Z=0.000000)'
[2015.10.28-06.36.00:777][  0]LogConsoleResponse:Warning:   Found in ini file 'C:/Users/callan.winfield/Documents/unityShaders/UE4/Saved/Config/Windows/Engine.ini', in section '[/Script/Engine.RendererSettings]'
[2015.10.28-06.36.00:777][  0]LogConsoleResponse:Warning: Skipping Unknown console variable: 'UIScaleRule = ShortestSide'
[2015.10.28-06.36.00:777][  0]LogConsoleResponse:Warning:   Found in ini file 'C:/Users/callan.winfield/Documents/unityShaders/UE4/Saved/Config/Windows/Engine.ini', in section '[/Script/Engine.RendererSettings]'
[2015.10.28-06.36.00:777][  0]LogConsoleResponse:Warning: Skipping Unknown console variable: 'UIScaleCurve = (EditorCurveData=(Keys=),ExternalCurve=None)'
[2015.10.28-06.36.00:777][  0]LogConsoleResponse:Warning:   Found in ini file 'C:/Users/callan.winfield/Documents/unityShaders/UE4/Saved/Config/Windows/Engine.ini', in section '[/Script/Engine.RendererSettings]'
[2015.10.28-06.36.00:777][  0]LogInit: Selected Device Profile: [Windows]
[2015.10.28-06.36.00:777][  0]LogInit: Applying CVar settings loaded from the selected device profile: [Windows]
[2015.10.28-06.36.00:782][  0]LogInit: Computer: AIE_HEATH
[2015.10.28-06.36.00:782][  0]LogInit: User: callanwinfield
[2015.10.28-06.36.00:782][  0]LogInit: CPU Page size=4096, Cores=4
[2015.10.28-06.36.00:782][  0]LogInit: High frequency timer resolution =3.515654 MHz
[2015.10.28-06.36.00:782][  0]LogMemory: Memory total: Physical=31.9GB (32GB approx) Virtual=8192.0GB
[2015.10.28-06.36.00:783][  0]LogMemory: Platform Memory Stats for Windows
[2015.10.28-06.36.00:783][  0]LogMemory: Process Physical Memory: 48.23 MB used, 48.23 MB peak
[2015.10.28-06.36.00:783][  0]LogMemory: Process Virtual Memory: 26.46 MB used, 26.46 MB peak
[2015.10.28-06.36.00:783][  0]LogMemory: Physical Memory: 11419.29 MB used, 32631.33 MB total
[2015.10.28-06.36.00:783][  0]LogMemory: Virtual Memory: 279.51 MB used, 8388608.00 MB total
[2015.10.28-06.36.00:803][  0]LogD3D11RHI: Found D3D11 adapter 0: NVIDIA GeForce GTX 970 (Feature Level 11_0)
[2015.10.28-06.36.00:803][  0]LogD3D11RHI: Adapter has 4010MB of dedicated video memory, 0MB of dedicated system memory, and 16059MB of shared system memory, 2 output[s]
[2015.10.28-06.36.00:803][  0]LogD3D11RHI: Chosen D3D11 Adapter Id = 0
[2015.10.28-06.36.00:807][  0]LogRHI: Texture pool is 1361 MB (70% of 1945 MB)
[2015.10.28-06.36.00:814][  0]LogD3D11RHI: Async texture creation enabled
[2015.10.28-06.36.00:862][  0]LogTextLocalizationManager: The requested culture ('en_AU') has no localization data; parent culture's ('en') localization data will be used.
[2015.10.28-06.36.00:907][  0]LogTextLocalizationManager:Warning: Loading localization resources contain conflicting entries for (Namespace:UICommands, Key:Save_ToolTip):
Resource: (C:/Program Files/Unreal Engine 4/4.7/Engine/Content/Localization/Editor/en/Editor.locres) Hash: (-29098895) String: (Saves the current level to disk)
Resource: (C:/Program Files/Unreal Engine 4/4.7/Engine/Content/Localization/Engine/en/Engine.locres) Hash: (-1280300587) String: (Save selected data to vlog file)
[2015.10.28-06.36.00:907][  0]LogTextLocalizationManager:Warning: Loading localization resources contain conflicting entries for (Namespace:ContentBrowser, Key:ImportAssetToolTip):
Resource: (C:/Program Files/Unreal Engine 4/4.7/Engine/Content/Localization/Editor/en/Editor.locres) Hash: (-630476809) String: (Import to {0}...)
Resource: (C:/Program Files/Unreal Engine 4/4.7/Engine/Content/Localization/Editor/en/Editor.locres) Hash: (1271782899) String: (Imports an asset from file to this folder.)
[2015.10.28-06.36.00:972][  0]LogContentStreaming: Texture pool size is 0.000000MB
[2015.10.28-06.36.02:834][  0]LogTargetPlatformManager:Display: Building Assets For Windows
[2015.10.28-06.36.03:205][  0]LogTargetPlatformManager:Display: Building Assets For Windows
[2015.10.28-06.36.03:257][  0]LogDerivedDataCache:Display: Max Cache Size: 512 MB
[2015.10.28-06.36.03:287][  0]LogDerivedDataCache: Loaded boot cache 0.03s 39MB C:/Users/callan.winfield/AppData/Local/UnrealEngine/4.7/DerivedDataCache/Boot.ddc.
[2015.10.28-06.36.03:287][  0]LogDerivedDataCache:Display: Loaded Boot cache: C:/Users/callan.winfield/AppData/Local/UnrealEngine/4.7/DerivedDataCache/Boot.ddc
[2015.10.28-06.36.03:287][  0]LogDerivedDataCache: FDerivedDataBackendGraph:  Pak pak cache file ../../../../../../Users/callan.winfield/Documents/unityShaders/UE4/DerivedDataCache/DDC.ddp not found, will not use a pak cache.
[2015.10.28-06.36.03:287][  0]LogDerivedDataCache: Unable to find inner node Pak for hierarchical cache Hierarchy.
[2015.10.28-06.36.03:389][  0]LogDerivedDataCache:Display: Pak cache opened for reading ../../../Engine/DerivedDataCache/Compressed.ddp.
[2015.10.28-06.36.03:400][  0]LogDerivedDataCache: Using Local data cache path C:/Users/callan.winfield/AppData/Local/UnrealEngine/Common/DerivedDataCache: Writable
[2015.10.28-06.36.03:623][  0]LogMeshUtilities: No automatic mesh reduction module available
[2015.10.28-06.36.03:623][  0]LogMeshUtilities: No automatic mesh merging module available
[2015.10.28-06.36.03:907][  0]LogInit: WinSock: version 1.1 (2.2), MaxSocks=32767, MaxUdp=65467
[2015.10.28-06.36.03:962][  0]LogSlate:Warning: Failed to load font data from '../../../Engine/Content/Slate/Fonts/Roboto-Italic.ttf'
[2015.10.28-06.36.04:534][  0]UdpMessaging: Initializing bridge on interface 0.0.0.0:0 to multicast group 230.0.0.1:6666.
[2015.10.28-06.36.04:761][  0]SourceControl: Info Source control is disabled
[2015.10.28-06.36.04:761][  0]SourceControl: Info Source control is disabled
[2015.10.28-06.36.04:761][  0]SourceControl: Info Source control is disabled
[2015.10.28-06.36.04:761][  0]LogSourceControl: RunCommandInternalRaw: 'git version'
[2015.10.28-06.36.04:761][  0]LogSourceControl: RunCommandInternalRaw: ExecProcess ReturnCode=2 OutResults=''
[2015.10.28-06.36.04:767][  0]SourceControl: Info Source control is disabled
[2015.10.28-06.36.04:901][  0]LogObj: 24232 objects as part of root set at end of initial load.
[2015.10.28-06.36.04:901][  0]LogUObjectAllocator: 5137176 out of 0 bytes used by permanent object pool.
[2015.10.28-06.36.04:964][  0]LogEngine: Initializing Engine...
[2015.10.28-06.36.07:126][  0]LogInit: XAudio2 using 'Speakers (Realtek High Definition Audio)' : 2 channels at 48 kHz using 32 bits per sample (channel mask 0x3)
[2015.10.28-06.36.07:133][  0]LogInit: FAudioDevice initialized.
[2015.10.28-06.36.07:159][  0]LogAIModule: Creating AISystem for world NewWorld
[2015.10.28-06.36.07:177][  0]LogDerivedDataCache: Saved boot cache 0.02s 39MB C:/Users/callan.winfield/AppData/Local/UnrealEngine/4.7/DerivedDataCache/Boot.ddc.
[2015.10.28-06.36.07:180][  0]LogInit: Texture streaming: Enabled
[2015.10.28-06.36.07:245][  0]LogAnalytics: Creating configured Analytics provider AnalyticsET
[2015.10.28-06.36.07:245][  0]LogAnalytics: ET APIKey = Rocket.Release. APIServer = http://et2.epicgames.com/ET2/. AppVersion = 4.7.4-2497108+++depot+UE4-Releases+4.7
[2015.10.28-06.36.07:245][  0]LogAnalytics: ET APIKey = Rocket.Release. DataRouterUploadURL = https://datarouter-public-service-gamedev.ol.epicgames.net/datarouter/api/v1/public/data. AppVersion = 4.7.4-2497108+++depot+UE4-Releases+4.7
[2015.10.28-06.36.07:246][  0]LogAnalytics: SetUserId 8b388aae41911fdd0e6de4b97309e0b0||998f2bff-53d0-478e-803a-d99627f333ab
[2015.10.28-06.36.07:246][  0]LogAnalytics: AnalyticsET::StartSession [Rocket.Release]
[2015.10.28-06.36.07:262][  0]LogInit: Transaction tracking system initialized
[2015.10.28-06.36.07:377][  0]BlueprintLog: New page: Editor Load
[2015.10.28-06.36.07:404][  0]LogAssetRegistry: FAssetRegistry took 0.0100 seconds to start up
[2015.10.28-06.36.07:404][  0]LogDirectoryWatcher:Warning: Failed to begin reading directory changes for ../../../Engine/Plugins/Experimental/CharacterAI/Content/. Error: 0
[2015.10.28-06.36.07:779][  0]LogTargetPlatformManager:Display: Building Assets For Windows
[2015.10.28-06.36.08:041][  0]LogTargetPlatformManager:Display: Building Assets For Windows
[2015.10.28-06.36.08:221][  0]LogSlate:Warning: Failed to load font data from '../../../Engine/Content/Editor/Slate/Fonts/Roboto-Regular.ttf'
[2015.10.28-06.36.08:222][  0]LogSlate:Warning: Failed to load font data from '../../../Engine/Content/Editor/Slate/Fonts/Roboto-Bold.ttf'
[2015.10.28-06.36.08:225][  0]LogConsoleResponse:Display: 
[2015.10.28-06.36.08:318][  0]LogCook:Display: Done creating registry. It took  0.00s.
[2015.10.28-06.36.08:420][  0]SourceControl: Info Source control is disabled
[2015.10.28-06.36.08:421][  0]Cmd: MAP LOAD FILE="../../../../../../Users/callan.winfield/Documents/unityShaders/UE4/Content/StarterContent/Maps/Minimal_Default.umap" TEMPLATE=0 SHOWPROGRESS=1 FEATURELEVEL=3
[2015.10.28-06.36.08:421][  0]LogEditorServer:Warning: Can't find file '../../../../../../Users/callan.winfield/Documents/unityShaders/UE4/Content/StarterContent/Maps/Minimal_Default.umap'
[2015.10.28-06.36.08:421][  0]Cmd: MAP CHECKDEP
[2015.10.28-06.36.08:421][  0]MapCheck: New page: Untitled_0 - 29 Oct 2015 4:36:08 am
[2015.10.28-06.36.08:471][  0]MapCheck: Info Map check complete: 0 Error(s), 0 Warning(s), took 50.117ms to complete.
[2015.10.28-06.36.08:471][  0]LogFileHelpers: Loading map 'Minimal_Default' took 0.051
[2015.10.28-06.36.08:680][  0]LogCollectionManager: Loaded 0 collections in 0.001263 seconds
[2015.10.28-06.36.08:690][  0]LogContentBrowser: Native class hierarchy populated in 0.0092 seconds. Added 1696 classes and 261 folders.
[2015.10.28-06.36.08:714][  0]LogContentBrowser:Verbose: The content browser source was changed by the sources view to '/Game'
[2015.10.28-06.36.08:725][  0]LogContentBrowser: Native class hierarchy updated for 'SceneOutliner' in 0.0014 seconds. Added 1 classes and 2 folders.
[2015.10.28-06.36.08:761][  0]LogCrashTracker: Crashtracker disabled due to settings.
[2015.10.28-06.36.08:762][  0]LogSlate:Warning: Failed to load font data from 'Veranda'
[2015.10.28-06.36.08:767][  0]LogUObjectGlobals:Warning: Failed to find object 'Class None.'
[2015.10.28-06.36.08:791][  0]LogLoad: Full Startup: 9.85 seconds (BP compile: 0.00 seconds)
[2015.10.28-06.36.08:940][  0]LogRenderer:Warning: Reallocating scene render targets to support 1056x584 (Frame:2).
[2015.10.28-06.36.09:106][  2]LogAssetRegistry: Asset discovery search completed in 1.7123 seconds
[2015.10.28-06.36.14:836][606]LogLinker:Warning: Can't find file '/Game/StarterContent/Materials/M_Metal_Brushed_Nickel'
[2015.10.28-06.36.14:836][606]LogLinker:Warning: Can't find file for asset '/Game/StarterContent/Materials/M_Metal_Brushed_Nickel' while loading ../../../../../../Users/callan.winfield/Documents/unityShaders/UE4/Content/wavyFunTimes.umap.
[2015.10.28-06.36.14:836][606]LoadErrors:Error: Error /Game/wavyFunTimes : Can't find file for asset. /Game/StarterContent/Materials/M_Metal_Brushed_Nickel
[2015.10.28-06.36.14:836][606]LogLinker:Warning: Can't find file '/Game/StarterContent/Materials/M_Metal_Copper'
[2015.10.28-06.36.14:836][606]LogLinker:Warning: Can't find file for asset '/Game/StarterContent/Materials/M_Metal_Copper' while loading ../../../../../../Users/callan.winfield/Documents/unityShaders/UE4/Content/wavyFunTimes.umap.
[2015.10.28-06.36.14:837][606]LoadErrors:Error: Error /Game/wavyFunTimes : Can't find file for asset. /Game/StarterContent/Materials/M_Metal_Copper
[2015.10.28-06.36.14:845][606]LogLinker:Warning: Can't find file '/Game/StarterContent/Architecture/Floor_400x400'
[2015.10.28-06.36.14:845][606]LogLinker:Warning: Can't find file for asset '/Game/StarterContent/Architecture/Floor_400x400' while loading ../../../../../../Users/callan.winfield/Documents/unityShaders/UE4/Content/wavyFunTimes.umap.
[2015.10.28-06.36.14:845][606]LoadErrors:Error: Error /Game/wavyFunTimes : Can't find file for asset. /Game/StarterContent/Architecture/Floor_400x400
[2015.10.28-06.36.14:845][606]LogLinker:Warning: Can't find file '/Game/StarterContent/Audio/Starter_Background_Cue'
[2015.10.28-06.36.14:845][606]LogLinker:Warning: Can't find file for asset '/Game/StarterContent/Audio/Starter_Background_Cue' while loading ../../../../../../Users/callan.winfield/Documents/unityShaders/UE4/Content/wavyFunTimes.umap.
[2015.10.28-06.36.14:845][606]LoadErrors:Error: Error /Game/wavyFunTimes : Can't find file for asset. /Game/StarterContent/Audio/Starter_Background_Cue
[2015.10.28-06.36.14:845][606]LogLinker:Warning: Can't find file '/Game/StarterContent/Materials/M_Metal_Brushed_Nickel'
[2015.10.28-06.36.14:845][606]LogLinker:Warning: Can't find file for asset '/Game/StarterContent/Materials/M_Metal_Brushed_Nickel' while loading ../../../../../../Users/callan.winfield/Documents/unityShaders/UE4/Content/wavyFunTimes.umap.
[2015.10.28-06.36.14:846][606]LogLinker:Warning: Can't find file '/Game/StarterContent/Materials/M_Metal_Copper'
[2015.10.28-06.36.14:846][606]LogLinker:Warning: Can't find file for asset '/Game/StarterContent/Materials/M_Metal_Copper' while loading ../../../../../../Users/callan.winfield/Documents/unityShaders/UE4/Content/wavyFunTimes.umap.
[2015.10.28-06.36.14:846][606]LogLinker:Warning: Can't find file '/Game/StarterContent/Textures/T_MacroVariation'
[2015.10.28-06.36.14:846][606]LogLinker:Warning: Can't find file for asset '/Game/StarterContent/Textures/T_MacroVariation' while loading ../../../../../../Users/callan.winfield/Documents/unityShaders/UE4/Content/wavyFunTimes.umap.
[2015.10.28-06.36.14:846][606]LoadErrors:Error: Error /Game/wavyFunTimes : Can't find file for asset. /Game/StarterContent/Textures/T_MacroVariation
[2015.10.28-06.36.14:846][606]LogLinker:Warning: Can't find file '/Game/StarterContent/Textures/T_Metal_Copper_D'
[2015.10.28-06.36.14:846][606]LogLinker:Warning: Can't find file for asset '/Game/StarterContent/Textures/T_Metal_Copper_D' while loading ../../../../../../Users/callan.winfield/Documents/unityShaders/UE4/Content/wavyFunTimes.umap.
[2015.10.28-06.36.14:847][606]LoadErrors:Error: Error /Game/wavyFunTimes : Can't find file for asset. /Game/StarterContent/Textures/T_Metal_Copper_D
[2015.10.28-06.36.14:847][606]LogLinker:Warning: Can't find file '/Game/StarterContent/Textures/T_Metal_Gold_N'
[2015.10.28-06.36.14:847][606]LogLinker:Warning: Can't find file for asset '/Game/StarterContent/Textures/T_Metal_Gold_N' while loading ../../../../../../Users/callan.winfield/Documents/unityShaders/UE4/Content/wavyFunTimes.umap.
[2015.10.28-06.36.14:847][606]LoadErrors:Error: Error /Game/wavyFunTimes : Can't find file for asset. /Game/StarterContent/Textures/T_Metal_Gold_N
[2015.10.28-06.36.14:847][606]LogLinker:Warning: Can't find file '/Game/StarterContent/Audio/Starter_Background_Cue'
[2015.10.28-06.36.14:848][606]LogLinker:Warning: Can't find file for asset '/Game/StarterContent/Audio/Starter_Background_Cue' while loading ../../../../../../Users/callan.winfield/Documents/unityShaders/UE4/Content/wavyFunTimes.umap.
[2015.10.28-06.36.14:848][606]LogLinker:Warning: Can't find file '/Game/StarterContent/Architecture/Floor_400x400'
[2015.10.28-06.36.14:848][606]LogLinker:Warning: Can't find file for asset '/Game/StarterContent/Architecture/Floor_400x400' while loading ../../../../../../Users/callan.winfield/Documents/unityShaders/UE4/Content/wavyFunTimes.umap.
[2015.10.28-06.36.14:849][606]LogLinker:Warning: Can't find file '/Game/StarterContent/Textures/T_MacroVariation'
[2015.10.28-06.36.14:849][606]LogLinker:Warning: Can't find file for asset '/Game/StarterContent/Textures/T_MacroVariation' while loading ../../../../../../Users/callan.winfield/Documents/unityShaders/UE4/Content/wavyFunTimes.umap.
[2015.10.28-06.36.14:849][606]LogLinker:Warning: Can't find file '/Game/StarterContent/Textures/T_Metal_Copper_D'
[2015.10.28-06.36.14:850][606]LogLinker:Warning: Can't find file for asset '/Game/StarterContent/Textures/T_Metal_Copper_D' while loading ../../../../../../Users/callan.winfield/Documents/unityShaders/UE4/Content/wavyFunTimes.umap.
[2015.10.28-06.36.14:850][606]LogLinker:Warning: Can't find file '/Game/StarterContent/Textures/T_Metal_Gold_N'
[2015.10.28-06.36.14:850][606]LogLinker:Warning: Can't find file for asset '/Game/StarterContent/Textures/T_Metal_Gold_N' while loading ../../../../../../Users/callan.winfield/Documents/unityShaders/UE4/Content/wavyFunTimes.umap.
[2015.10.28-06.36.14:850][606]LogLinker:Warning: Can't find file '/Game/StarterContent/Materials/M_Metal_Brushed_Nickel'
[2015.10.28-06.36.14:850][606]LogLinker:Warning: Can't find file for asset '/Game/StarterContent/Materials/M_Metal_Brushed_Nickel' while loading NULL.
[2015.10.28-06.36.14:851][606]LogLinker:Warning: Can't find file '/Game/StarterContent/Materials/M_Metal_Copper'
[2015.10.28-06.36.14:851][606]LogLinker:Warning: Can't find file for asset '/Game/StarterContent/Materials/M_Metal_Copper' while loading NULL.
[2015.10.28-06.36.14:851][606]LogLinker:Warning: Can't find file '/Game/StarterContent/Architecture/Floor_400x400'
[2015.10.28-06.36.14:851][606]LogLinker:Warning: Can't find file for asset '/Game/StarterContent/Architecture/Floor_400x400' while loading NULL.
[2015.10.28-06.36.14:851][606]LogLinker:Warning: Can't find file '/Game/StarterContent/Audio/Starter_Background_Cue'
[2015.10.28-06.36.14:851][606]LogLinker:Warning: Can't find file for asset '/Game/StarterContent/Audio/Starter_Background_Cue' while loading NULL.
[2015.10.28-06.36.14:851][606]LogLinker:Warning: Can't find file '/Game/StarterContent/Materials/M_Metal_Brushed_Nickel'
[2015.10.28-06.36.14:852][606]LogLinker:Warning: Can't find file for asset '/Game/StarterContent/Materials/M_Metal_Brushed_Nickel' while loading NULL.
[2015.10.28-06.36.14:852][606]LogLinker:Warning: Can't find file '/Game/StarterContent/Materials/M_Metal_Copper'
[2015.10.28-06.36.14:852][606]LogLinker:Warning: Can't find file for asset '/Game/StarterContent/Materials/M_Metal_Copper' while loading NULL.
[2015.10.28-06.36.14:852][606]LogLinker:Warning: Can't find file '/Game/StarterContent/Textures/T_MacroVariation'
[2015.10.28-06.36.14:852][606]LogLinker:Warning: Can't find file for asset '/Game/StarterContent/Textures/T_MacroVariation' while loading NULL.
[2015.10.28-06.36.14:852][606]LogLinker:Warning: Can't find file '/Game/StarterContent/Textures/T_Metal_Copper_D'
[2015.10.28-06.36.14:852][606]LogLinker:Warning: Can't find file for asset '/Game/StarterContent/Textures/T_Metal_Copper_D' while loading NULL.
[2015.10.28-06.36.14:853][606]LogLinker:Warning: Can't find file '/Game/StarterContent/Textures/T_Metal_Gold_N'
[2015.10.28-06.36.14:853][606]LogLinker:Warning: Can't find file for asset '/Game/StarterContent/Textures/T_Metal_Gold_N' while loading NULL.
[2015.10.28-06.36.14:853][606]LogLinker:Warning: Can't find file '/Game/StarterContent/Audio/Starter_Background_Cue'
[2015.10.28-06.36.14:853][606]LogLinker:Warning: Can't find file for asset '/Game/StarterContent/Audio/Starter_Background_Cue' while loading NULL.
[2015.10.28-06.36.14:853][606]LogLinker:Warning: Can't find file '/Game/StarterContent/Architecture/Floor_400x400'
[2015.10.28-06.36.14:853][606]LogLinker:Warning: Can't find file for asset '/Game/StarterContent/Architecture/Floor_400x400' while loading NULL.
[2015.10.28-06.36.14:853][606]LogLinker:Warning: Can't find file '/Game/StarterContent/Textures/T_MacroVariation'
[2015.10.28-06.36.14:854][606]LogLinker:Warning: Can't find file for asset '/Game/StarterContent/Textures/T_MacroVariation' while loading NULL.
[2015.10.28-06.36.14:854][606]LogLinker:Warning: Can't find file '/Game/StarterContent/Textures/T_Metal_Copper_D'
[2015.10.28-06.36.14:854][606]LogLinker:Warning: Can't find file for asset '/Game/StarterContent/Textures/T_Metal_Copper_D' while loading NULL.
[2015.10.28-06.36.14:854][606]LogLinker:Warning: Can't find file '/Game/StarterContent/Textures/T_Metal_Gold_N'
[2015.10.28-06.36.14:854][606]LogLinker:Warning: Can't find file for asset '/Game/StarterContent/Textures/T_Metal_Gold_N' while loading NULL.
[2015.10.28-06.36.14:860][606]LogLinker:Warning: Can't find file '/Game/StarterContent/Audio/Starter_Background_Cue'
[2015.10.28-06.36.14:860][606]LoadErrors: Info Failed to load /Game/StarterContent/Audio/Starter_Background_Cue.Starter_Background_Cue Referenced by Starter_Background_Cue_2
[2015.10.28-06.36.14:860][606]LogLinker:Warning: Can't find file for asset '/Game/StarterContent/Audio/Starter_Background_Cue' while loading NULL.
[2015.10.28-06.36.14:861][606]LogLinker:Warning: Can't find file '/Game/StarterContent/Textures/T_Metal_Gold_N'
[2015.10.28-06.36.14:861][606]LoadErrors: Info Failed to load /Game/StarterContent/Textures/T_Metal_Gold_N.T_Metal_Gold_N Referenced by PersistentLevel
[2015.10.28-06.36.14:861][606]LogLinker:Warning: Can't find file for asset '/Game/StarterContent/Textures/T_Metal_Gold_N' while loading NULL.
[2015.10.28-06.36.14:861][606]LogLinker:Warning: Can't find file '/Game/StarterContent/Textures/T_MacroVariation'
[2015.10.28-06.36.14:861][606]LoadErrors: Info Failed to load /Game/StarterContent/Textures/T_MacroVariation.T_MacroVariation Referenced by PersistentLevel
[2015.10.28-06.36.14:861][606]LogLinker:Warning: Can't find file for asset '/Game/StarterContent/Textures/T_MacroVariation' while loading NULL.
[2015.10.28-06.36.14:861][606]LogLinker:Warning: Can't find file '/Game/StarterContent/Textures/T_Metal_Copper_D'
[2015.10.28-06.36.14:862][606]LoadErrors: Info Failed to load /Game/StarterContent/Textures/T_Metal_Copper_D.T_Metal_Copper_D Referenced by PersistentLevel
[2015.10.28-06.36.14:862][606]LogLinker:Warning: Can't find file for asset '/Game/StarterContent/Textures/T_Metal_Copper_D' while loading NULL.
[2015.10.28-06.36.14:863][606]LogLinker:Warning: Can't find file '/Game/StarterContent/Architecture/Floor_400x400'
[2015.10.28-06.36.14:863][606]LoadErrors: Info Failed to load /Game/StarterContent/Architecture/Floor_400x400.Floor_400x400 Referenced by Floor
[2015.10.28-06.36.14:863][606]LogLinker:Warning: Can't find file for asset '/Game/StarterContent/Architecture/Floor_400x400' while loading NULL.
[2015.10.28-06.36.14:863][606]LogLinker:Warning: Can't find file '/Game/StarterContent/Materials/M_Metal_Copper'
[2015.10.28-06.36.14:863][606]LoadErrors: Info Failed to load /Game/StarterContent/Materials/M_Metal_Copper.M_Metal_Copper Referenced by Floor
[2015.10.28-06.36.14:863][606]LogLinker:Warning: Can't find file for asset '/Game/StarterContent/Materials/M_Metal_Copper' while loading NULL.
[2015.10.28-06.36.14:863][606]LogLinker:Warning: Can't find file '/Game/StarterContent/Architecture/Floor_400x400'
[2015.10.28-06.36.14:863][606]LoadErrors: Info Failed to load /Game/StarterContent/Architecture/Floor_400x400.Floor_400x400 Referenced by Floor_14
[2015.10.28-06.36.14:864][606]LogLinker:Warning: Can't find file for asset '/Game/StarterContent/Architecture/Floor_400x400' while loading NULL.
[2015.10.28-06.36.14:864][606]LogLinker:Warning: Can't find file '/Game/StarterContent/Materials/M_Metal_Brushed_Nickel'
[2015.10.28-06.36.14:864][606]LoadErrors: Info Failed to load /Game/StarterContent/Materials/M_Metal_Brushed_Nickel.M_Metal_Brushed_Nickel Referenced by Floor_14
[2015.10.28-06.36.14:864][606]LogLinker:Warning: Can't find file for asset '/Game/StarterContent/Materials/M_Metal_Brushed_Nickel' while loading NULL.
[2015.10.28-06.36.14:943][606]Cmd: MAP LOAD FILE="../../../../../../Users/callan.winfield/Documents/unityShaders/UE4/Content/wavyFunTimes.umap" TEMPLATE=0 SHOWPROGRESS=1 FEATURELEVEL=3
[2015.10.28-06.36.14:943][606]LightingResults: New page: Lighting Build
[2015.10.28-06.36.14:954][606]LogContentBrowser: Native class hierarchy updated for 'StatsViewer' in 0.0014 seconds. Added 5 classes and 0 folders.
[2015.10.28-06.36.14:973][606]LoadErrors: New page: Loading map: wavyFunTimes.umap
[2015.10.28-06.36.14:973][606]MapCheck: New page: Map Check
[2015.10.28-06.36.14:973][606]LightingResults: New page: Lighting Build
[2015.10.28-06.36.14:979][606]LogParticles: Destroying 0 GPU particle simulations for FXSystem 0x0000000011588C20
[2015.10.28-06.36.14:984][606]LogEditorServer: Finished looking for orphan Actors (0.000 secs)
[2015.10.28-06.36.14:987][606]LogAIModule: Creating AISystem for world wavyFunTimes
[2015.10.28-06.36.15:012][606]Cmd: MAP CHECKDEP
[2015.10.28-06.36.15:013][606]MapCheck: New page: wavyFunTimes - 29 Oct 2015 4:36:15 am
[2015.10.28-06.36.15:072][606]MapCheck: Info Map check complete: 0 Error(s), 0 Warning(s), took 59.537ms to complete.
[2015.10.28-06.36.15:072][606]LogFileHelpers: Loading map 'wavyFunTimes' took 0.130
[2015.10.28-06.36.46:774][ 58]LogEditorViewport: Clicking on Actor (LMB): BP_Sky_Sphere_C (BP_Sky_Sphere)
[2015.10.28-06.36.50:756][513]Cmd: OBJ SAVEPACKAGE PACKAGE="/Game/wavyFunTimes" FILE="../../../../../../Users/callan.winfield/Documents/unityShaders/UE4/Content/wavyFunTimes.umap" SILENT=true AUTOSAVING=false KEEPDIRTY=false
[2015.10.28-06.36.50:813][513]LogSavePackage: Save=45.225723ms
[2015.10.28-06.36.50:813][513]LogSavePackage: Moving '../../../../../../Users/callan.winfield/Documents/unityShaders/UE4/Saved/wavyFunTimesDAB050EC49DD5B46C378269C31DA195B.tmp' to '../../../../../../Users/callan.winfield/Documents/unityShaders/UE4/Content/wavyFunTimes.umap'
[2015.10.28-06.36.50:841][513]LogFileHelpers: Saving map 'wavyFunTimes' took 0.143
[2015.10.28-06.36.52:681][677]Cmd: QUIT_EDITOR
[2015.10.28-06.36.52:870][677]LogExit: Preparing to exit.
[2015.10.28-06.36.53:612][677]LogExit: Editor shut down
[2015.10.28-06.36.53:613][677]LogParticles: Destroying 0 GPU particle simulations for FXSystem 0x000000000E1E23E0
[2015.10.28-06.36.53:613][677]LogExit: Transaction tracking system shut down
[2015.10.28-06.36.53:614][677]LogParticles: Destroying 0 GPU particle simulations for FXSystem 0x000000000CA52700
[2015.10.28-06.36.53:615][677]LogParticles: Destroying 0 GPU particle simulations for FXSystem 0x000000000D1491C0
[2015.10.28-06.36.53:615][677]LogParticles: Destroying 0 GPU particle simulations for FXSystem 0x000000000E1E0F40
[2015.10.28-06.36.53:667][677]LogExit: Object subsystem successfully closed.
[2015.10.28-06.36.53:711][677]LogModuleManager: Shutting down and abandoning module StatsViewer (177)
[2015.10.28-06.36.53:711][677]LogModuleManager: Shutting down and abandoning module CrashTracker (176)
[2015.10.28-06.36.53:711][677]LogModuleManager: Shutting down and abandoning module SuperSearch (175)
[2015.10.28-06.36.53:711][677]LogModuleManager: Shutting down and abandoning module SceneOutliner (174)
[2015.10.28-06.36.53:711][677]LogModuleManager: Shutting down and abandoning module EditorWidgets (173)
[2015.10.28-06.36.53:711][677]LogModuleManager: Shutting down and abandoning module CollectionManager (172)
[2015.10.28-06.36.53:711][677]LogModuleManager: Shutting down and abandoning module FoliageEdit (171)
[2015.10.28-06.36.53:711][677]LogModuleManager: Shutting down and abandoning module LandscapeEditor (170)
[2015.10.28-06.36.53:711][677]LogModuleManager: Shutting down and abandoning module MeshPaint (169)
[2015.10.28-06.36.53:711][677]LogModuleManager: Shutting down and abandoning module ActorPickerMode (168)
[2015.10.28-06.36.53:711][677]LogModuleManager: Shutting down and abandoning module GeometryMode (167)
[2015.10.28-06.36.53:711][677]LogModuleManager: Shutting down and abandoning module TextureAlignMode (166)
[2015.10.28-06.36.53:711][677]LogModuleManager: Shutting down and abandoning module BspMode (165)
[2015.10.28-06.36.53:712][677]LogModuleManager: Shutting down and abandoning module PlacementMode (164)
[2015.10.28-06.36.53:712][677]LogModuleManager: Shutting down and abandoning module AutomationWorker (163)
[2015.10.28-06.36.53:712][677]LogModuleManager: Shutting down and abandoning module CharacterAI (162)
[2015.10.28-06.36.53:712][677]LogModuleManager: Shutting down and abandoning module SmartSnapping (161)
[2015.10.28-06.36.53:712][677]LogModuleManager: Shutting down and abandoning module ViewportSnapping (160)
[2015.10.28-06.36.53:712][677]LogModuleManager: Shutting down and abandoning module LogVisualizer (159)
[2015.10.28-06.36.53:712][677]LogModuleManager: Shutting down and abandoning module GameProjectGeneration (158)
[2015.10.28-06.36.53:712][677]LogModuleManager: Shutting down and abandoning module IntroTutorials (157)
[2015.10.28-06.36.53:712][677]LogModuleManager: Shutting down and abandoning module EditorLiveStreaming (156)
[2015.10.28-06.36.53:712][677]LogModuleManager: Shutting down and abandoning module HardwareTargeting (155)
[2015.10.28-06.36.53:712][677]LogModuleManager: Shutting down and abandoning module DeviceProfileEditor (154)
[2015.10.28-06.36.53:712][677]LogModuleManager: Shutting down and abandoning module UndoHistory (153)
[2015.10.28-06.36.53:712][677]LogModuleManager: Shutting down and abandoning module GameplayTagsEditor (152)
[2015.10.28-06.36.53:712][677]LogModuleManager: Shutting down and abandoning module UserFeedback (151)
[2015.10.28-06.36.53:712][677]LogModuleManager: Shutting down and abandoning module XmlParser (150)
[2015.10.28-06.36.53:712][677]LogModuleManager: Shutting down and abandoning module Blutility (149)
[2015.10.28-06.36.53:712][677]LogModuleManager: Shutting down and abandoning module IOSPlatformEditor (148)
[2015.10.28-06.36.53:712][677]LogModuleManager: Shutting down and abandoning module IOSRuntimeSettings (147)
[2015.10.28-06.36.53:712][677]LogModuleManager: Shutting down and abandoning module AndroidDeviceDetection (146)
[2015.10.28-06.36.54:095][677]LogModuleManager: Shutting down and abandoning module AndroidPlatformEditor (145)
[2015.10.28-06.36.54:095][677]LogModuleManager: Shutting down and abandoning module AndroidRuntimeSettings (144)
[2015.10.28-06.36.54:095][677]LogModuleManager: Shutting down and abandoning module ProjectTargetPlatformEditor (143)
[2015.10.28-06.36.54:095][677]LogModuleManager: Shutting down and abandoning module ProjectSettingsViewer (142)
[2015.10.28-06.36.54:095][677]LogModuleManager: Shutting down and abandoning module InputBindingEditor (141)
[2015.10.28-06.36.54:096][677]LogModuleManager: Shutting down and abandoning module EditorSettingsViewer (140)
[2015.10.28-06.36.54:096][677]LogModuleManager: Shutting down and abandoning module SettingsEditor (139)
[2015.10.28-06.36.54:096][677]LogModuleManager: Shutting down and abandoning module ProjectLauncher (138)
[2015.10.28-06.36.54:096][677]LogModuleManager: Shutting down and abandoning module SessionFrontend (137)
[2015.10.28-06.36.54:096][677]LogModuleManager: Shutting down and abandoning module ProfilerClient (136)
[2015.10.28-06.36.54:096][677]LogModuleManager: Shutting down and abandoning module TargetDeviceServices (135)
[2015.10.28-06.36.54:096][677]LogModuleManager: Shutting down and abandoning module DeviceManager (134)
[2015.10.28-06.36.54:096][677]LogModuleManager: Shutting down and abandoning module AutomationController (133)
[2015.10.28-06.36.54:097][677]LogModuleManager: Shutting down and abandoning module AutomationWindow (132)
[2015.10.28-06.36.54:097][677]LogModuleManager: Shutting down and abandoning module Layers (131)
[2015.10.28-06.36.54:097][677]LogModuleManager: Shutting down and abandoning module ComponentVisualizers (130)
[2015.10.28-06.36.54:097][677]LogModuleManager: Shutting down and abandoning module DetailCustomizations (129)
[2015.10.28-06.36.54:097][677]LogModuleManager: Shutting down and abandoning module PackagesDialog (128)
[2015.10.28-06.36.54:097][677]LogModuleManager: Shutting down and abandoning module AssetRegistry (127)
[2015.10.28-06.36.54:236][677]LogModuleManager: Shutting down and abandoning module Persona (126)
[2015.10.28-06.36.54:236][677]LogModuleManager: Shutting down and abandoning module SlateReflector (125)
[2015.10.28-06.36.54:236][677]LogModuleManager: Shutting down and abandoning module LevelEditor (124)
[2015.10.28-06.36.54:237][677]LogModuleManager: Shutting down and abandoning module Kismet (123)
[2015.10.28-06.36.54:237][677]LogModuleManager: Shutting down and abandoning module GraphEditor (122)
[2015.10.28-06.36.54:237][677]LogModuleManager: Shutting down and abandoning module ClassViewer (121)
[2015.10.28-06.36.54:237][677]LogModuleManager: Shutting down and abandoning module Toolbox (120)
[2015.10.28-06.36.54:237][677]LogModuleManager: Shutting down and abandoning module ModuleUI (119)
[2015.10.28-06.36.54:237][677]LogModuleManager: Shutting down and abandoning module MovieSceneTools (118)
[2015.10.28-06.36.54:237][677]LogModuleManager: Shutting down and abandoning module OutputLog (117)
[2015.10.28-06.36.54:237][677]LogModuleManager: Shutting down and abandoning module GammaUI (116)
[2015.10.28-06.36.54:237][677]LogModuleManager: Shutting down and abandoning module Documentation (115)
[2015.10.28-06.36.54:237][677]LogModuleManager: Shutting down and abandoning module GameLiveStreaming (114)
[2015.10.28-06.36.54:238][677]LogModuleManager: Shutting down and abandoning module StreamingPauseRendering (113)
[2015.10.28-06.36.54:238][677]LogModuleManager: Shutting down and abandoning module HTTP (112)
[2015.10.28-06.36.54:238][677]LogModuleManager: Shutting down and abandoning module AnalyticsET (111)
[2015.10.28-06.36.54:238][677]LogModuleManager: Shutting down and abandoning module Analytics (110)
[2015.10.28-06.36.54:238][677]LogModuleManager: Shutting down and abandoning module AITestSuite (109)
[2015.10.28-06.36.54:238][677]LogModuleManager: Shutting down and abandoning module GameplayDebugger (108)
[2015.10.28-06.36.54:238][677]LogModuleManager: Shutting down and abandoning module AIModule (107)
[2015.10.28-06.36.54:238][677]LogModuleManager: Shutting down and abandoning module ProfilerService (106)
[2015.10.28-06.36.54:419][677]LogModuleManager: Shutting down and abandoning module TaskGraph (105)
[2015.10.28-06.36.54:419][677]LogModuleManager: Shutting down and abandoning module SlateRemote (104)
[2015.10.28-06.36.54:419][677]LogModuleManager: Shutting down and abandoning module ScriptEditorPlugin (103)
[2015.10.28-06.36.54:419][677]LogModuleManager: Shutting down and abandoning module CustomMeshComponent (102)
[2015.10.28-06.36.54:419][677]LogModuleManager: Shutting down and abandoning module CableComponent (101)
[2015.10.28-06.36.54:419][677]LogModuleManager: Shutting down and abandoning module MessagingDebugger (100)
[2015.10.28-06.36.54:419][677]LogModuleManager: Shutting down and abandoning module MediaPlayerEditor (99)
[2015.10.28-06.36.54:419][677]LogModuleManager: Shutting down and abandoning module SpeedTreeImporter (98)
[2015.10.28-06.36.54:419][677]LogModuleManager: Shutting down and abandoning module PluginsEditor (97)
[2015.10.28-06.36.54:419][677]LogModuleManager: Shutting down and abandoning module MainFrame (96)
[2015.10.28-06.36.54:420][677]LogModuleManager: Shutting down and abandoning module EpicSurvey (95)
[2015.10.28-06.36.54:420][677]LogModuleManager: Shutting down and abandoning module DesktopPlatform (94)
[2015.10.28-06.36.54:420][677]LogModuleManager: Shutting down and abandoning module DirectoryWatcher (93)
[2015.10.28-06.36.54:420][677]LogModuleManager: Shutting down and abandoning module HotReload (92)
[2015.10.28-06.36.54:420][677]LogModuleManager: Shutting down and abandoning module VisualStudioSourceCodeAccess (91)
[2015.10.28-06.36.54:420][677]LogModuleManager: Shutting down and abandoning module UObjectPlugin (90)
[2015.10.28-06.36.54:420][677]LogModuleManager: Shutting down and abandoning module SubversionSourceControl (89)
[2015.10.28-06.36.54:420][677]LogModuleManager: Shutting down and abandoning module PerforceSourceControl (88)
[2015.10.28-06.36.54:420][677]LogModuleManager: Shutting down and abandoning module SourceControl (87)
[2015.10.28-06.36.54:421][677]LogModuleManager: Shutting down and abandoning module GitSourceControl (86)
[2015.10.28-06.36.54:421][677]LogModuleManager: Shutting down and abandoning module BlankPlugin (85)
[2015.10.28-06.36.54:421][677]LogModuleManager: Shutting down and abandoning module PaperTiledImporter (84)
[2015.10.28-06.36.54:421][677]LogModuleManager: Shutting down and abandoning module PaperJsonImporter (83)
[2015.10.28-06.36.54:421][677]LogModuleManager: Shutting down and abandoning module ContentBrowser (82)
[2015.10.28-06.36.54:422][677]LogModuleManager: Shutting down and abandoning module Paper2DEditor (81)
[2015.10.28-06.36.54:423][677]LogModuleManager: Shutting down and abandoning module ScriptPlugin (80)
[2015.10.28-06.36.54:423][677]LogModuleManager: Shutting down and abandoning module UdpMessaging (79)
[2015.10.28-06.36.54:523][677]LogModuleManager: Shutting down and abandoning module Paper2D (78)
[2015.10.28-06.36.54:523][677]LogModuleManager: Shutting down and abandoning module WindowsMoviePlayer (77)
[2015.10.28-06.36.54:529][677]LogModuleManager: Shutting down and abandoning module Media (76)
[2015.10.28-06.36.54:529][677]LogModuleManager: Shutting down and abandoning module WmfMedia (75)
[2015.10.28-06.36.54:529][677]LogModuleManager: Shutting down and abandoning module OnlineBlueprintSupport (74)
[2015.10.28-06.36.54:529][677]LogModuleManager: Shutting down and abandoning module PropertyEditor (73)
[2015.10.28-06.36.54:529][677]LogModuleManager: Shutting down and abandoning module BehaviorTreeEditor (72)
[2015.10.28-06.36.54:529][677]LogModuleManager: Shutting down and abandoning module FunctionalTesting (71)
[2015.10.28-06.36.54:530][677]LogModuleManager: Shutting down and abandoning module CollisionAnalyzer (70)
[2015.10.28-06.36.54:530][677]LogModuleManager: Shutting down and abandoning module WorkspaceMenuStructure (69)
[2015.10.28-06.36.54:530][677]LogModuleManager: Shutting down and abandoning module MessageLog (68)
[2015.10.28-06.36.54:530][677]LogModuleManager: Shutting down and abandoning module Sequencer (67)
[2015.10.28-06.36.54:530][677]LogModuleManager: Shutting down and abandoning module AssetTools (66)
[2015.10.28-06.36.54:530][677]LogModuleManager: Shutting down and abandoning module UMGEditor (65)
[2015.10.28-06.36.54:530][677]LogModuleManager: Shutting down and abandoning module UMG (64)
[2015.10.28-06.36.54:530][677]LogModuleManager: Shutting down and abandoning module Slate (63)
[2015.10.28-06.36.54:530][677]LogModuleManager: Shutting down and abandoning module EditorStyle (62)
[2015.10.28-06.36.54:544][677]LogModuleManager: Shutting down and abandoning module SessionServices (61)
[2015.10.28-06.36.54:544][677]LogModuleManager: Shutting down and abandoning module SourceCodeAccess (60)
[2015.10.28-06.36.54:544][677]LogModuleManager: Shutting down and abandoning module HeadMountedDisplay (59)
[2015.10.28-06.36.54:544][677]LogModuleManager: Shutting down and abandoning module XAudio2 (58)
[2015.10.28-06.36.54:544][677]LogModuleManager: Shutting down and abandoning module Networking (56)
[2015.10.28-06.36.54:544][677]LogModuleManager: Shutting down and abandoning module Core (55)
[2015.10.28-06.36.54:544][677]LogModuleManager: Shutting down and abandoning module KismetCompiler (54)
[2015.10.28-06.36.54:544][677]LogModuleManager: Shutting down and abandoning module PhysXFormats (53)
[2015.10.28-06.36.54:544][677]LogModuleManager: Shutting down and abandoning module MeshUtilities (52)
[2015.10.28-06.36.54:544][677]LogModuleManager: Shutting down and abandoning module DerivedDataCache (51)
[2015.10.28-06.36.54:890][677]LogDerivedDataCache: Shutdown
[2015.10.28-06.36.54:890][677]LogModuleManager: Shutting down and abandoning module ShaderFormatOpenGL (50)
[2015.10.28-06.36.54:890][677]LogModuleManager: Shutting down and abandoning module ShaderFormatD3D (49)
[2015.10.28-06.36.54:890][677]LogModuleManager: Shutting down and abandoning module MetalShaderFormat (48)
[2015.10.28-06.36.54:890][677]LogModuleManager: Shutting down and abandoning module TextureFormatUncompressed (47)
[2015.10.28-06.36.54:890][677]LogModuleManager: Shutting down and abandoning module TextureFormatPVR (46)
[2015.10.28-06.36.54:890][677]LogModuleManager: Shutting down and abandoning module TextureFormatIntelISPCTexComp (45)
[2015.10.28-06.36.54:891][677]LogModuleManager: Shutting down and abandoning module TextureFormatDXT (44)
[2015.10.28-06.36.54:891][677]LogModuleManager: Shutting down and abandoning module ImageWrapper (43)
[2015.10.28-06.36.54:891][677]LogModuleManager: Shutting down and abandoning module TextureFormatASTC (42)
[2015.10.28-06.36.54:891][677]LogModuleManager: Shutting down and abandoning module TextureFormatAndroid (41)
[2015.10.28-06.36.54:891][677]LogModuleManager: Shutting down and abandoning module AudioFormatOpus (40)
[2015.10.28-06.36.54:891][677]LogModuleManager: Shutting down and abandoning module AudioFormatOgg (39)
[2015.10.28-06.36.54:891][677]LogModuleManager: Shutting down and abandoning module AudioFormatADPCM (38)
[2015.10.28-06.36.54:891][677]LogModuleManager: Shutting down and abandoning module LinuxTargetPlatform (37)
[2015.10.28-06.36.54:891][677]LogModuleManager: Shutting down and abandoning module LinuxServerTargetPlatform (36)
[2015.10.28-06.36.54:891][677]LogModuleManager: Shutting down and abandoning module LinuxNoEditorTargetPlatform (35)
[2015.10.28-06.36.54:891][677]LogModuleManager: Shutting down and abandoning module Messaging (34)
[2015.10.28-06.36.54:891][677]LogModuleManager: Shutting down and abandoning module IOSTargetPlatform (33)
[2015.10.28-06.36.54:891][677]LogModuleManager: Shutting down and abandoning module HTML5TargetPlatform (32)
[2015.10.28-06.36.54:891][677]LogModuleManager: Shutting down and abandoning module Android_PVRTCTargetPlatform (31)
[2015.10.28-06.36.54:891][677]LogModuleManager: Shutting down and abandoning module Android_ETC2TargetPlatform (30)
[2015.10.28-06.36.54:891][677]LogModuleManager: Shutting down and abandoning module Android_ETC1TargetPlatform (29)
[2015.10.28-06.36.54:891][677]LogModuleManager: Shutting down and abandoning module Android_ES31TargetPlatform (28)
[2015.10.28-06.36.54:891][677]LogModuleManager: Shutting down and abandoning module Android_DXTTargetPlatform (27)
[2015.10.28-06.36.54:891][677]LogModuleManager: Shutting down and abandoning module Android_ATCTargetPlatform (26)
[2015.10.28-06.36.54:891][677]LogModuleManager: Shutting down and abandoning module AndroidTargetPlatform (25)
[2015.10.28-06.36.54:891][677]LogModuleManager: Shutting down and abandoning module WindowsTargetPlatform (24)
[2015.10.28-06.36.54:891][677]LogModuleManager: Shutting down and abandoning module WindowsServerTargetPlatform (23)
[2015.10.28-06.36.54:891][677]LogModuleManager: Shutting down and abandoning module WindowsNoEditorTargetPlatform (22)
[2015.10.28-06.36.54:891][677]LogModuleManager: Shutting down and abandoning module WindowsClientTargetPlatform (21)
[2015.10.28-06.36.54:891][677]LogModuleManager: Shutting down and abandoning module TargetPlatform (20)
[2015.10.28-06.36.54:891][677]LogModuleManager: Shutting down and abandoning module InputCore (19)
[2015.10.28-06.36.54:891][677]LogModuleManager: Shutting down and abandoning module Settings (18)
[2015.10.28-06.36.54:892][677]LogModuleManager: Shutting down and abandoning module OnlineSubsystem (16)
[2015.10.28-06.36.54:892][677]LogModuleManager: Shutting down and abandoning module OculusRift (15)
[2015.10.28-06.36.54:892][677]LogModuleManager: Shutting down and abandoning module ExampleDeviceProfileSelector (14)
[2015.10.28-06.36.54:892][677]LogModuleManager: Shutting down and abandoning module TextureCompressor (13)
[2015.10.28-06.36.54:892][677]LogModuleManager: Shutting down and abandoning module ShaderCore (12)
[2015.10.28-06.36.54:892][677]LogModuleManager: Shutting down and abandoning module Landscape (11)
[2015.10.28-06.36.54:892][677]LogModuleManager: Shutting down and abandoning module SlateRHIRenderer (10)
[2015.10.28-06.36.54:894][677]LogModuleManager: Shutting down and abandoning module OpenGLDrv (9)
[2015.10.28-06.36.54:894][677]LogModuleManager: Shutting down and abandoning module D3D11RHI (8)
[2015.10.28-06.36.54:894][677]LogModuleManager: Shutting down and abandoning module Renderer (7)
[2015.10.28-06.36.54:894][677]LogModuleManager: Shutting down and abandoning module Engine (6)
[2015.10.28-06.36.54:894][677]LogModuleManager: Shutting down and abandoning module CoreUObject (5)
[2015.10.28-06.36.54:894][677]LogModuleManager: Shutting down and abandoning module NetworkFile (4)
[2015.10.28-06.36.54:894][677]LogModuleManager: Shutting down and abandoning module StreamingFile (3)
[2015.10.28-06.36.54:894][677]LogModuleManager: Shutting down and abandoning module SandboxFile (2)
[2015.10.28-06.36.54:895][677]LogModuleManager: Shutting down and abandoning module PakFile (1)
[2015.10.28-06.36.54:896][677]LogExit: Exiting.
[2015.10.28-06.36.54:911][677]Log file closed, 10/28/15 17:36:54
