[2015.10.28-22.54.21:724][  0]Log file open, 10/29/15 09:54:21
[2015.10.28-22.54.21:724][  0]LogInit:Display: Running engine for game: UE4
[2015.10.28-22.54.21:724][  0]LogInit:Display: RandInit(-1792390901) SRandInit(-1792390901).
[2015.10.28-22.54.21:724][  0]LogTaskGraph: Started task graph with 4 named threads and 7 total threads.
[2015.10.28-22.54.21:724][  0]LogStats: Stats thread started at 0.068525
[2015.10.28-22.54.21:724][  0]LogInit: Version: 4.9.0-2672455+++depot+UE4-Releases+4.9
[2015.10.28-22.54.21:724][  0]LogInit: API Version: 2672455
[2015.10.28-22.54.21:724][  0]LogInit: Compiled (64-bit): Aug 28 2015 12:33:01
[2015.10.28-22.54.21:724][  0]LogInit: Compiled with Visual C++: 18.00.21005.01
[2015.10.28-22.54.21:724][  0]LogInit: Build Configuration: Development
[2015.10.28-22.54.21:724][  0]LogInit: Branch Name: ++depot+UE4-Releases+4.9
[2015.10.28-22.54.21:724][  0]LogInit: Command line: 
[2015.10.28-22.54.21:724][  0]LogInit: Base directory: C:/Program Files/Unreal Engine/4.9/Engine/Binaries/Win64/
[2015.10.28-22.54.21:724][  0]LogInit: Rocket: 1
[2015.10.28-22.54.21:732][  0]LogInit: Using libcurl 7.41.0
[2015.10.28-22.54.21:732][  0]LogInit:  - built for x86_64-pc-win32
[2015.10.28-22.54.21:732][  0]LogInit:  - supports SSL with WinSSL
[2015.10.28-22.54.21:732][  0]LogInit:  - other features:
[2015.10.28-22.54.21:732][  0]LogInit:      CURL_VERSION_SSL
[2015.10.28-22.54.21:732][  0]LogInit:      CURL_VERSION_IPV6
[2015.10.28-22.54.21:732][  0]LogInit:      CURL_VERSION_ASYNCHDNS
[2015.10.28-22.54.21:732][  0]LogInit:      CURL_VERSION_LARGEFILE
[2015.10.28-22.54.21:732][  0]LogInit:      CURL_VERSION_IDN
[2015.10.28-22.54.21:732][  0]LogInit:  CurlRequestOptions (configurable via config and command line):
[2015.10.28-22.54.21:732][  0]LogInit:  - bVerifyPeer = true  - Libcurl will verify peer certificate
[2015.10.28-22.54.21:732][  0]LogInit:  - bUseHttpProxy = false  - Libcurl will NOT use HTTP proxy
[2015.10.28-22.54.21:732][  0]LogInit:  - bDontReuseConnections = false  - Libcurl will reuse connections
[2015.10.28-22.54.21:732][  0]LogInit:  - CertBundlePath = nullptr  - Libcurl will use whatever was configured at build time.
[2015.10.28-22.54.21:740][  0]LogInit: Presizing for 0 objects not considered by GC, pre-allocating 0 bytes.
[2015.10.28-22.54.21:747][  0]LogInit: Object subsystem initialized
[2015.10.28-22.54.21:749][  0]LogInit: Selected Device Profile: [Windows]
[2015.10.28-22.54.21:749][  0]LogInit: Applying CVar settings loaded from the selected device profile: [Windows]
[2015.10.28-22.54.21:756][  0]LogInit: Computer: MEL-CALLAN-PC
[2015.10.28-22.54.21:756][  0]LogInit: User: callanwinfield
[2015.10.28-22.54.21:756][  0]LogInit: CPU Page size=4096, Cores=4
[2015.10.28-22.54.21:756][  0]LogInit: High frequency timer resolution =3.323603 MHz
[2015.10.28-22.54.21:756][  0]LogMemory: Memory total: Physical=16.0GB (16GB approx)
[2015.10.28-22.54.21:756][  0]LogMemory: Platform Memory Stats for Windows
[2015.10.28-22.54.21:756][  0]LogMemory: Process Physical Memory: 55.05 MB used, 55.05 MB peak
[2015.10.28-22.54.21:756][  0]LogMemory: Process Virtual Memory: 59.23 MB used, 59.23 MB peak
[2015.10.28-22.54.21:756][  0]LogMemory: Physical Memory: 9882.35 MB used, 16345.20 MB total
[2015.10.28-22.54.21:756][  0]LogMemory: Virtual Memory: 339.60 MB used, 8388608.00 MB total
[2015.10.28-22.54.21:787][  0]LogTextLocalizationManager: No specific translations for ('en-AU') exist, so ('en') translations will be used.
[2015.10.28-22.54.22:512][  0]LogD3D11RHI: Found D3D11 adapter 0: NVIDIA GeForce GTX 660 Ti (Feature Level 11_0)
[2015.10.28-22.54.22:512][  0]LogD3D11RHI: Adapter has 1989MB of dedicated video memory, 0MB of dedicated system memory, and 2048MB of shared system memory, 3 output[s]
[2015.10.28-22.54.22:512][  0]LogD3D11RHI: Chosen D3D11 Adapter Id = 0
[2015.10.28-22.54.22:517][  0]LogD3D11RHI: !Direct3DDevice
[2015.10.28-22.54.22:517][  0]LogRHI: Texture pool is 1361 MB (70% of 1945 MB)
[2015.10.28-22.54.22:524][  0]LogD3D11RHI: Async texture creation enabled
[2015.10.28-22.54.22:538][  0]LogShaderCompilers: Guid format shader working directory is 15 characters bigger than the processId version (E:/github/unityShaders/UE4 4.9/Intermediate/Shaders/WorkingDirectory/2600/).
[2015.10.28-22.54.22:538][  0]LogShaderCompilers: Cleaned the shader compiler working directory 'E:/github/unityShaders/UE4 4.9/Intermediate/Shaders/tmp/CA35553C4D850ADFA467F1B10DB554CF/'.
[2015.10.28-22.54.22:538][  0]LogShaderCompilers:Display: Using Local Shader Compiler.
[2015.10.28-22.54.23:662][  0]LogTemp:Display: Loaded TP AllDesktopTargetPlatform
[2015.10.28-22.54.23:667][  0]LogTemp:Display: Loaded TP WindowsClientTargetPlatform
[2015.10.28-22.54.23:671][  0]LogTemp:Display: Loaded TP WindowsNoEditorTargetPlatform
[2015.10.28-22.54.23:675][  0]LogTemp:Display: Loaded TP WindowsServerTargetPlatform
[2015.10.28-22.54.23:679][  0]LogTemp:Display: Loaded TP WindowsTargetPlatform
[2015.10.28-22.54.23:682][  0]LogTemp:Display: Loaded TP AndroidTargetPlatform
[2015.10.28-22.54.23:685][  0]LogTemp:Display: Loaded TP Android_ASTCTargetPlatform
[2015.10.28-22.54.23:687][  0]LogTemp:Display: Loaded TP Android_ATCTargetPlatform
[2015.10.28-22.54.23:690][  0]LogTemp:Display: Loaded TP Android_DXTTargetPlatform
[2015.10.28-22.54.23:693][  0]LogTemp:Display: Loaded TP Android_ETC1TargetPlatform
[2015.10.28-22.54.23:696][  0]LogTemp:Display: Loaded TP Android_ETC2TargetPlatform
[2015.10.28-22.54.23:699][  0]LogTemp:Display: Loaded TP Android_PVRTCTargetPlatform
[2015.10.28-22.54.23:700][  0]LogTemp:Display: Loaded TP HTML5TargetPlatform
[2015.10.28-22.54.23:715][  0]LogTemp:Display: Loaded TP IOSTargetPlatform
[2015.10.28-22.54.23:718][  0]LogTemp:Display: Loaded TP LinuxNoEditorTargetPlatform
[2015.10.28-22.54.23:720][  0]LogTemp:Display: Loaded TP LinuxServerTargetPlatform
[2015.10.28-22.54.23:723][  0]LogTemp:Display: Loaded TP LinuxTargetPlatform
[2015.10.28-22.54.23:723][  0]LogTargetPlatformManager:Display: Building Assets For Windows
[2015.10.28-22.54.23:792][  0]LogDerivedDataCache:Display: Max Cache Size: 512 MB
[2015.10.28-22.54.23:830][  0]LogDerivedDataCache: Loaded boot cache 0.04s 41MB C:/Users/callan.winfield/AppData/Local/UnrealEngine/4.9/DerivedDataCache/Boot.ddc.
[2015.10.28-22.54.23:830][  0]LogDerivedDataCache:Display: Loaded Boot cache: C:/Users/callan.winfield/AppData/Local/UnrealEngine/4.9/DerivedDataCache/Boot.ddc
[2015.10.28-22.54.23:830][  0]LogDerivedDataCache: FDerivedDataBackendGraph:  Pak pak cache file E:/github/unityShaders/UE4 4.9/DerivedDataCache/DDC.ddp not found, will not use a pak cache.
[2015.10.28-22.54.23:830][  0]LogDerivedDataCache: Unable to find inner node Pak for hierarchical cache Hierarchy.
[2015.10.28-22.54.23:831][  0]LogDerivedDataCache: FDerivedDataBackendGraph:  CompressedPak pak cache file E:/github/unityShaders/UE4 4.9/DerivedDataCache/Compressed.ddp not found, will not use a pak cache.
[2015.10.28-22.54.23:831][  0]LogDerivedDataCache: Unable to find inner node CompressedPak for hierarchical cache Hierarchy.
[2015.10.28-22.54.23:968][  0]LogDerivedDataCache:Display: Pak cache opened for reading ../../../Engine/DerivedDataCache/Compressed.ddp.
[2015.10.28-22.54.23:980][  0]LogDerivedDataCache: Using Local data cache path C:/Users/callan.winfield/AppData/Local/UnrealEngine/Common/DerivedDataCache: Writable
[2015.10.28-22.54.24:137][  0]LogInit: Selected Device Profile: [Windows]
[2015.10.28-22.54.24:138][  0]LogContentStreaming: Texture pool size is 0.000000MB
[2015.10.28-22.54.24:158][  0]LogMeshUtilities: No automatic mesh reduction module available
[2015.10.28-22.54.24:158][  0]LogMeshUtilities: No automatic mesh merging module available
[2015.10.28-22.54.24:503][  0]LogInit: WinSock: version 1.1 (2.2), MaxSocks=32767, MaxUdp=65467
[2015.10.28-22.54.25:094][  0]UdpMessaging: Initializing bridge on interface 0.0.0.0:0 to multicast group 230.0.0.1:6666.
[2015.10.28-22.54.25:207][  0]LogAssetRegistry: FAssetRegistry took 0.0097 seconds to start up
[2015.10.28-22.54.25:376][  0]SourceControl: Info Source control is disabled
[2015.10.28-22.54.25:383][  0]SourceControl: Info Source control is disabled
[2015.10.28-22.54.25:393][  0]SourceControl: Info Source control is disabled
[2015.10.28-22.54.25:404][  0]SourceControl: Info Source control is disabled
[2015.10.28-22.54.25:535][  0]LogLinker:Warning: Asset '../../../Engine/Plugins/Runtime/LeapMotionController/Content/LM_PassthroughMaterial.uasset' has been saved with empty engine version. The asset will be loaded but may be incompatible.
[2015.10.28-22.54.25:618][  0]LogObj: 28361 objects as part of root set at end of initial load.
[2015.10.28-22.54.25:618][  0]LogUObjectAllocator: 6038872 out of 0 bytes used by permanent object pool.
[2015.10.28-22.54.25:678][  0]LogEngine: Initializing Engine...
[2015.10.28-22.54.25:680][  0]LogHMD: Can't find Oculus library dev build: is proper Runtime installed? Version: 0.6.0.0
[2015.10.28-22.54.25:681][  0]LogHMD: SteamVR failed to initialize.  Err: 110
[2015.10.28-22.54.25:792][  0]LogAIModule: Creating AISystem for world NewWorld
[2015.10.28-22.54.25:796][  0]LogInit: XAudio2 using 'Speakers (VIA High Definition Audio)' : 2 channels at 48 kHz using 32 bits per sample (channel mask 0x3)
[2015.10.28-22.54.25:805][  0]LogInit: FAudioDevice initialized.
[2015.10.28-22.54.25:824][  0]LogDerivedDataCache: Saved boot cache 0.02s 41MB C:/Users/callan.winfield/AppData/Local/UnrealEngine/4.9/DerivedDataCache/Boot.ddc.
[2015.10.28-22.54.25:828][  0]LogInit: Texture streaming: Enabled
[2015.10.28-22.54.25:835][  0]LogAnalytics: Creating configured Analytics provider AnalyticsET
[2015.10.28-22.54.25:835][  0]LogAnalytics: [UEEditor.Rocket.Release] APIServer = http://et2.epicgames.com/ET2/. AppVersion = 4.9.0-2672455+++depot+UE4-Releases+4.9
[2015.10.28-22.54.25:835][  0]LogAnalytics: [UEEditor.Rocket.Release] SetUserId a2424b914bfe8ff7d9008eb0dad012b5|6ba241d00b844246a202a80ca3cdfab2|aa4f4c11-d43b-4a82-a8b1-eadaf4543d87
[2015.10.28-22.54.25:835][  0]LogAnalytics: [UEEditor.Rocket.Release] AnalyticsET::StartSession
[2015.10.28-22.54.25:854][  0]LogInit: Transaction tracking system initialized
[2015.10.28-22.54.25:878][  0]BlueprintLog: New page: Editor Load
[2015.10.28-22.54.25:941][  0]LocalizationService: Info Localization service is disabled
[2015.10.28-22.54.26:010][  0]LogConsoleResponse:Display: 
[2015.10.28-22.54.26:127][  0]LogFileCache: Scanning file cache for directory 'E:/github/unityShaders/UE4 4.9/Content/' took 0.01s
[2015.10.28-22.54.26:127][  0]LogCook:Display: Done creating registry. It took  0.00s.
[2015.10.28-22.54.26:170][  0]SourceControl: Info Source control is disabled
[2015.10.28-22.54.26:170][  0]Cmd: MAP LOAD FILE="E:/github/unityShaders/UE4 4.9/Content/StarterContent/Maps/Minimal_Default.umap" TEMPLATE=0 SHOWPROGRESS=1 FEATURELEVEL=3
[2015.10.28-22.54.26:170][  0]LogEditorServer:Warning: Can't find file 'E:/github/unityShaders/UE4 4.9/Content/StarterContent/Maps/Minimal_Default.umap'
[2015.10.28-22.54.26:170][  0]Cmd: MAP CHECKDEP NOCLEARLOG
[2015.10.28-22.54.26:204][  0]MapCheck: Info Map check complete: 0 Error(s), 0 Warning(s), took 34.491ms to complete.
[2015.10.28-22.54.26:204][  0]LogFileHelpers: Loading map 'Minimal_Default' took 0.035
[2015.10.28-22.54.26:461][  0]LogCollectionManager: Loaded 0 collections in 0.001618 seconds
[2015.10.28-22.54.26:554][  0]LogFileCache: Scanning file cache for directory 'E:/github/unityShaders/UE4 4.9/Saved/Collections/' took 0.01s
[2015.10.28-22.54.26:554][  0]LogFileCache: Scanning file cache for directory 'E:/github/unityShaders/UE4 4.9/Content/Developers/callanwinfield/Collections/' took 0.01s
[2015.10.28-22.54.26:554][  0]LogFileCache: Scanning file cache for directory 'E:/github/unityShaders/UE4 4.9/Content/Collections/' took 0.01s
[2015.10.28-22.54.26:554][  0]LogContentBrowser: Native class hierarchy populated in 0.0106 seconds. Added 1867 classes and 333 folders.
[2015.10.28-22.54.26:632][  0]LogCollectionManager: Rebuilt the GUID cache for 0 collections in 0.000002 seconds
[2015.10.28-22.54.26:647][  0]LogContentBrowser: Native class hierarchy updated for 'WidgetCarousel' in 0.0004 seconds. Added 0 classes and 0 folders.
[2015.10.28-22.54.27:025][  0]LogContentBrowser: Native class hierarchy updated for 'AddContentDialog' in 0.0003 seconds. Added 0 classes and 0 folders.
[2015.10.28-22.54.27:030][  0]LogContentBrowser: Native class hierarchy updated for 'SceneOutliner' in 0.0004 seconds. Added 1 classes and 2 folders.
[2015.10.28-22.54.27:110][  0]LogCrashTracker: Crashtracker disabled due to settings.
[2015.10.28-22.54.27:168][  0]LogLoad: Full Startup: 5.90 seconds (BP compile: 0.00 seconds)
[2015.10.28-22.54.27:573][  0]LogContentStreaming: Texture pool size now 1000 MB
[2015.10.28-22.54.27:694][  0]LogRenderer: Reallocating scene render targets to support 1208x576 (Frame:2).
[2015.10.28-22.54.28:514][  3]LogAssetRegistry: Asset discovery search completed in 3.3167 seconds
[2015.10.28-22.54.28:514][  3]LogCollectionManager: Rebuilt the object cache for 0 collections in 0.000001 seconds (found 0 objects)
[2015.10.28-22.54.28:514][  3]LogCollectionManager: Fixed up redirectors for 0 collections in 0.000024 seconds (updated 0 objects)
[2015.10.28-22.54.38:521][ 33]LogMaterial: Missing cached shader map for material wavyShader, compiling. 
[2015.10.28-22.54.38:615][ 33]LogMaterial: Missing cached shader map for material wavyShader, compiling. 
[2015.10.28-22.54.38:682][ 33]LogMaterial: Missing cached shader map for material wavyShader, compiling. 
[2015.10.28-22.54.38:690][ 33]LogMaterial: 0.000022 seconds spent updating 1 materials, 1 interfaces, 0 instances, 0 with static permutations.
[2015.10.28-22.54.38:716][ 33]LogMaterial: Missing cached shader map for material FMatExpressionPreview MaterialExpressionVectorParameter_0, compiling. 
[2015.10.28-22.54.41:905][339]MaterialEditorStats: Info Base pass shader with only dynamic lighting: 33 instructions
[2015.10.28-22.54.41:905][339]MaterialEditorStats: Info Vertex shader: 45 instructions
[2015.10.28-22.54.41:905][339]MaterialEditorStats: Info Texture samplers: 0/16
[2015.10.28-22.54.45:026][696]LogStaticMesh: Building static mesh cylinderHeightCh1...
[2015.10.28-22.54.45:058][696]LogStaticMesh: Built static mesh [0.034571.2s] /Game/cylinderHeightCh1.cylinderHeightCh1
[2015.10.28-22.54.48:246][971]LogTexture:Display: Building textures: HQ_Lightmap0_1 (AutoDXT)
[2015.10.28-22.54.48:261][971]LogTexture:Display: Building textures: HQ_Lightmap0_2 (AutoDXT)
[2015.10.28-22.54.48:266][971]LogTexture:Display: Building textures: LQ_Lightmap_0_1 (DXT1)
[2015.10.28-22.54.48:269][971]LogTexture:Display: Building textures: LQ_Lightmap_0_2 (DXT1)
[2015.10.28-22.54.48:272][971]LogTexture:Display: Building textures: ShadowMapTexture2D_0 (BGRA8)
[2015.10.28-22.54.48:274][971]LogTexture:Display: Building textures: ShadowMapTexture2D_1 (BGRA8)
[2015.10.28-22.54.48:286][971]LogAIModule: Creating AISystem for world wavyFunTimes
[2015.10.28-22.54.48:310][971]LogParticles: Destroying 0 GPU particle simulations for FXSystem 0x00000000155618A0
[2015.10.28-22.54.48:314][971]Cmd: MAP LOAD FILE="E:/github/unityShaders/UE4 4.9/Content/wavyFunTimes.umap" TEMPLATE=0 SHOWPROGRESS=1 FEATURELEVEL=3
[2015.10.28-22.54.48:314][971]LightingResults: New page: Lighting Build
[2015.10.28-22.54.48:316][971]LogContentBrowser: Native class hierarchy updated for 'StatsViewer' in 0.0003 seconds. Added 5 classes and 0 folders.
[2015.10.28-22.54.48:329][971]LoadErrors: New page: Loading map: wavyFunTimes.umap
[2015.10.28-22.54.48:329][971]MapCheck: New page: Map Check
[2015.10.28-22.54.48:329][971]LightingResults: New page: Lighting Build
[2015.10.28-22.54.48:338][971]LogParticles: Destroying 0 GPU particle simulations for FXSystem 0x000000001E665A80
[2015.10.28-22.54.48:341][971]LogEditorServer: Finished looking for orphan Actors (0.000 secs)
[2015.10.28-22.54.48:365][971]Cmd: MAP CHECKDEP NOCLEARLOG
[2015.10.28-22.54.48:401][971]MapCheck:Warning: Warning cylinderHeightCh1_4 StaticMeshComponent /Game/wavyFunTimes.wavyFunTimes:PersistentLevel.cylinderHeightCh1_4.StaticMeshComponent0 : Externally referenced 
[2015.10.28-22.54.48:401][971]MapCheck:Warning: Warning cylinderHeightCh2 StaticMeshComponent /Game/wavyFunTimes.wavyFunTimes:PersistentLevel.cylinderHeightCh2.StaticMeshComponent0 : Externally referenced 
[2015.10.28-22.54.48:401][971]MapCheck:Warning: Warning cylinderHeightCh3 StaticMeshComponent /Game/wavyFunTimes.wavyFunTimes:PersistentLevel.cylinderHeightCh3.StaticMeshComponent0 : Externally referenced 
[2015.10.28-22.54.48:401][971]MapCheck:Warning: Warning cylinderHeightCh4 StaticMeshComponent /Game/wavyFunTimes.wavyFunTimes:PersistentLevel.cylinderHeightCh4.StaticMeshComponent0 : Externally referenced 
[2015.10.28-22.54.48:401][971]MapCheck:Warning: Warning cylinderHeightCh5 StaticMeshComponent /Game/wavyFunTimes.wavyFunTimes:PersistentLevel.cylinderHeightCh5.StaticMeshComponent0 : Externally referenced 
[2015.10.28-22.54.48:401][971]MapCheck:Warning: Warning cylinderHeightCh6 StaticMeshComponent /Game/wavyFunTimes.wavyFunTimes:PersistentLevel.cylinderHeightCh6.StaticMeshComponent0 : Externally referenced 
[2015.10.28-22.54.48:401][971]MapCheck:Warning: Warning cylinderHeightCh7 StaticMeshComponent /Game/wavyFunTimes.wavyFunTimes:PersistentLevel.cylinderHeightCh7.StaticMeshComponent0 : Externally referenced 
[2015.10.28-22.54.48:401][971]MapCheck: Info Map check complete: 0 Error(s), 7 Warning(s), took 36.224ms to complete.
[2015.10.28-22.54.48:430][971]LogFileHelpers: Loading map 'wavyFunTimes' took 0.117
[2015.10.28-22.57.34:812][817]LogEditorViewport: Clicking on Actor (LMB): StaticMeshActor (cylinderHeightCh7)
[2015.10.28-23.00.43:590][939]LogMaterial: Missing cached shader map for material wavyShader, compiling. 
[2015.10.28-23.00.43:597][939]LogMaterial: 0.000116 seconds spent updating 1 materials, 1 interfaces, 0 instances, 0 with static permutations.
[2015.10.28-23.00.44:866][ 65]MaterialEditorStats: Info Base pass shader with only dynamic lighting: 33 instructions
[2015.10.28-23.00.44:866][ 65]MaterialEditorStats: Info Vertex shader: 44 instructions
[2015.10.28-23.00.44:866][ 65]MaterialEditorStats: Info Texture samplers: 0/16
[2015.10.28-23.00.48:922][547]LogMaterial: Missing cached shader map for material wavyShader, compiling. 
[2015.10.28-23.00.48:930][547]LogMaterial: 0.000116 seconds spent updating 1 materials, 1 interfaces, 0 instances, 0 with static permutations.
[2015.10.28-23.00.49:791][633]MaterialEditorStats: Info Base pass shader with only dynamic lighting: 33 instructions
[2015.10.28-23.00.49:791][633]MaterialEditorStats: Info Vertex shader: 34 instructions
[2015.10.28-23.00.49:791][633]MaterialEditorStats: Info Texture samplers: 0/16
[2015.10.28-23.00.51:296][805]LogMaterial: Missing cached shader map for material wavyShader, compiling. 
[2015.10.28-23.00.51:304][805]LogMaterial: 0.000097 seconds spent updating 1 materials, 1 interfaces, 0 instances, 0 with static permutations.
[2015.10.28-23.00.52:272][903]MaterialEditorStats: Info Base pass shader with only dynamic lighting: 33 instructions
[2015.10.28-23.00.52:272][903]MaterialEditorStats: Info Vertex shader: 45 instructions
[2015.10.28-23.00.52:272][903]MaterialEditorStats: Info Texture samplers: 0/16
[2015.10.28-23.00.53:009][991]LogMaterialEditor: Applying material wavyShader
[2015.10.28-23.00.53:673][991]LogMaterial: Missing cached shader map for material wavyShader, compiling. 
[2015.10.28-23.00.53:704][991]LogMaterial: 0.000048 seconds spent updating 1 materials, 1 interfaces, 0 instances, 0 with static permutations.
[2015.10.28-23.00.53:766][991]LogMaterial: Missing cached shader map for material wavyShader, compiling. 
[2015.10.28-23.00.53:837][991]LogMaterial: Missing cached shader map for material wavyShader, compiling. 
[2015.10.28-23.00.53:849][991]LogMaterial: 0.000605 seconds spent updating 1 materials, 1 interfaces, 0 instances, 0 with static permutations.
[2015.10.28-23.00.56:408][226]MaterialEditorStats: Info Base pass shader with only dynamic lighting: 62 instructions
[2015.10.28-23.00.56:408][226]MaterialEditorStats: Info Vertex shader: 45 instructions
[2015.10.28-23.00.56:408][226]MaterialEditorStats: Info Texture samplers: 3/16
[2015.10.28-23.01.22:860][325]LogMaterial: Missing cached shader map for material wavyShader, compiling. 
[2015.10.28-23.01.22:867][325]LogMaterial: 0.000104 seconds spent updating 1 materials, 1 interfaces, 0 instances, 0 with static permutations.
[2015.10.28-23.01.24:039][440]MaterialEditorStats: Info Base pass shader with only dynamic lighting: 33 instructions
[2015.10.28-23.01.24:039][440]MaterialEditorStats: Info Vertex shader: 34 instructions
[2015.10.28-23.01.24:039][440]MaterialEditorStats: Info Texture samplers: 0/16
[2015.10.28-23.01.24:360][478]LogMaterial: Missing cached shader map for material wavyShader, compiling. 
[2015.10.28-23.01.24:367][478]LogMaterial: 0.000087 seconds spent updating 1 materials, 1 interfaces, 0 instances, 0 with static permutations.
[2015.10.28-23.01.25:251][560]MaterialEditorStats: Info Base pass shader with only dynamic lighting: 33 instructions
[2015.10.28-23.01.25:251][560]MaterialEditorStats: Info Vertex shader: 44 instructions
[2015.10.28-23.01.25:251][560]MaterialEditorStats: Info Texture samplers: 0/16
[2015.10.28-23.01.26:439][687]LogMaterial: Missing cached shader map for material wavyShader, compiling. 
[2015.10.28-23.01.26:447][687]LogMaterial: 0.000084 seconds spent updating 1 materials, 1 interfaces, 0 instances, 0 with static permutations.
[2015.10.28-23.01.27:369][779]MaterialEditorStats: Info Base pass shader with only dynamic lighting: 33 instructions
[2015.10.28-23.01.27:369][779]MaterialEditorStats: Info Vertex shader: 45 instructions
[2015.10.28-23.01.27:369][779]MaterialEditorStats: Info Texture samplers: 0/16
[2015.10.28-23.01.28:597][926]LogMaterialEditor: Applying material wavyShader
[2015.10.28-23.01.29:261][926]LogMaterial: Missing cached shader map for material wavyShader, compiling. 
[2015.10.28-23.01.29:292][926]LogMaterial: 0.000112 seconds spent updating 1 materials, 1 interfaces, 0 instances, 0 with static permutations.
[2015.10.28-23.01.29:381][926]LogMaterial: Missing cached shader map for material wavyShader, compiling. 
[2015.10.28-23.01.29:414][926]LogMaterial: Missing cached shader map for material wavyShader, compiling. 
[2015.10.28-23.01.29:429][926]LogMaterial: 0.000529 seconds spent updating 1 materials, 1 interfaces, 0 instances, 0 with static permutations.
[2015.10.28-23.01.31:851][168]MaterialEditorStats: Info Base pass shader with only dynamic lighting: 62 instructions
[2015.10.28-23.01.31:851][168]MaterialEditorStats: Info Vertex shader: 45 instructions
[2015.10.28-23.01.31:851][168]MaterialEditorStats: Info Texture samplers: 3/16
[2015.10.28-23.01.43:465][485]LogEditorViewport: Clicking on Actor (LMB): BP_Sky_Sphere_C (BP_Sky_Sphere)
[2015.10.28-23.01.44:402][593]LogEditorViewport: Clicking on Actor (LMB): BP_Sky_Sphere_C (BP_Sky_Sphere)
[2015.10.28-23.04.48:683][779]LogFileHelpers: Editor autosave (incl. sublevels) for '/Game/wavyFunTimes' took 0.008
[2015.10.28-23.04.48:685][779]OBJ SavePackage: Generating thumbnails for [1] asset(s) in package [/Game/wavyShader] ([1] browsable assets)...
[2015.10.28-23.04.48:702][779]OBJ SavePackage:     Rendered thumbnail for [Material /Game/wavyShader.wavyShader]
[2015.10.28-23.04.48:702][779]OBJ SavePackage: Finished generating thumbnails for package [/Game/wavyShader]
[2015.10.28-23.04.48:702][779]Cmd: OBJ SAVEPACKAGE PACKAGE="/Game/wavyShader" FILE="E:/github/unityShaders/UE4 4.9/Saved/Autosaves/Game/wavyShader_Auto1.uasset" SILENT=false AUTOSAVING=true
[2015.10.28-23.04.48:721][779]LogSavePackage: Save=14.564315ms
[2015.10.28-23.04.48:721][779]LogSavePackage: Moving 'E:/github/unityShaders/UE4 4.9/Saved/wavyShader_Auto17D3DB9C648FF995261C793939892A35E.tmp' to 'E:/github/unityShaders/UE4 4.9/Saved/Autosaves/Game/wavyShader_Auto1.uasset'
[2015.10.28-23.04.48:721][779]LogSavePackage: Total save time: 18.009972ms
[2015.10.28-23.04.48:721][779]LogSavePackage:Warning: Finished SavePackage E:/github/unityShaders/UE4 4.9/Saved/Autosaves/Game/wavyShader_Auto1.uasset
[2015.10.28-23.04.48:721][779]LogFileHelpers: Auto-saving content packages took 0.038
[2015.10.29-05.47.13:836][223]LogParticles: Destroying 0 GPU particle simulations for FXSystem 0x00000000282AA3E0
[2015.10.29-05.47.16:932][224]Cmd: QUIT_EDITOR
[2015.10.29-05.47.17:170][224]LogExit: Preparing to exit.
[2015.10.29-05.47.17:657][224]LogExit: Editor shut down
[2015.10.29-05.47.17:657][224]LogExit: Transaction tracking system shut down
[2015.10.29-05.47.17:658][224]LogParticles: Destroying 0 GPU particle simulations for FXSystem 0x0000000010F53880
[2015.10.29-05.47.17:665][224]LogParticles: Destroying 0 GPU particle simulations for FXSystem 0x00000000142B7D80
[2015.10.29-05.47.17:665][224]LogParticles: Destroying 0 GPU particle simulations for FXSystem 0x000000002B4545E0
[2015.10.29-05.47.17:672][224]LogParticles: Destroying 0 GPU particle simulations for FXSystem 0x0000000010D914E0
[2015.10.29-05.47.17:854][224]LogExit: Object subsystem successfully closed.
[2015.10.29-05.47.17:878][224]LogD3D11RHI: Shutdown
[2015.10.29-05.47.17:878][224]LogD3D11RHI: CleanupD3DDevice
[2015.10.29-05.47.17:942][224]LogD3D11RHI: ~FD3D11DynamicRHI
[2015.10.29-05.47.17:980][224]LogModuleManager: Shutting down and abandoning module StatsViewer (199)
[2015.10.29-05.47.17:980][224]LogModuleManager: Shutting down and abandoning module StaticMeshEditor (198)
[2015.10.29-05.47.17:980][224]LogModuleManager: Shutting down and abandoning module MaterialEditor (197)
[2015.10.29-05.47.17:980][224]LogModuleManager: Shutting down and abandoning module CrashTracker (196)
[2015.10.29-05.47.17:980][224]LogModuleManager: Shutting down and abandoning module SceneOutliner (195)
[2015.10.29-05.47.17:981][224]LogModuleManager: Shutting down and abandoning module SuperSearch (194)
[2015.10.29-05.47.17:981][224]LogModuleManager: Shutting down and abandoning module WidgetCarousel (193)
[2015.10.29-05.47.17:981][224]LogModuleManager: Shutting down and abandoning module AddContentDialog (192)
[2015.10.29-05.47.17:982][224]LogModuleManager: Shutting down and abandoning module EditorWidgets (191)
[2015.10.29-05.47.17:982][224]LogModuleManager: Shutting down and abandoning module CollectionManager (190)
[2015.10.29-05.47.17:983][224]LogModuleManager: Shutting down and abandoning module FoliageEdit (189)
[2015.10.29-05.47.17:983][224]LogModuleManager: Shutting down and abandoning module LandscapeEditor (188)
[2015.10.29-05.47.17:984][224]LogModuleManager: Shutting down and abandoning module ActorPickerMode (187)
[2015.10.29-05.47.17:984][224]LogModuleManager: Shutting down and abandoning module GeometryMode (186)
[2015.10.29-05.47.17:984][224]LogModuleManager: Shutting down and abandoning module TextureAlignMode (185)
[2015.10.29-05.47.17:984][224]LogModuleManager: Shutting down and abandoning module BspMode (184)
[2015.10.29-05.47.17:984][224]LogModuleManager: Shutting down and abandoning module PlacementMode (183)
[2015.10.29-05.47.17:984][224]LogModuleManager: Shutting down and abandoning module AutomationWorker (182)
[2015.10.29-05.47.17:984][224]LogModuleManager: Shutting down and abandoning module CharacterAI (181)
[2015.10.29-05.47.17:984][224]LogModuleManager: Shutting down and abandoning module SmartSnapping (180)
[2015.10.29-05.47.17:984][224]LogModuleManager: Shutting down and abandoning module ViewportSnapping (179)
[2015.10.29-05.47.17:984][224]LogModuleManager: Shutting down and abandoning module LogVisualizer (178)
[2015.10.29-05.47.17:985][224]LogModuleManager: Shutting down and abandoning module GameProjectGeneration (177)
[2015.10.29-05.47.17:986][224]LogModuleManager: Shutting down and abandoning module IntroTutorials (176)
[2015.10.29-05.47.17:987][224]LogModuleManager: Shutting down and abandoning module EditorLiveStreaming (175)
[2015.10.29-05.47.17:987][224]LogModuleManager: Shutting down and abandoning module IOSPlatformEditor (174)
[2015.10.29-05.47.17:987][224]LogModuleManager: Shutting down and abandoning module HTML5PlatformEditor (173)
[2015.10.29-05.47.17:987][224]LogModuleManager: Shutting down and abandoning module AndroidDeviceDetection (172)
[2015.10.29-05.47.18:270][224]LogModuleManager: Shutting down and abandoning module AndroidPlatformEditor (171)
[2015.10.29-05.47.18:270][224]LogModuleManager: Shutting down and abandoning module IOSRuntimeSettings (170)
[2015.10.29-05.47.18:270][224]LogModuleManager: Shutting down and abandoning module AndroidRuntimeSettings (169)
[2015.10.29-05.47.18:270][224]LogModuleManager: Shutting down and abandoning module MergeActors (168)
[2015.10.29-05.47.18:272][224]LogModuleManager: Shutting down and abandoning module SizeMap (167)
[2015.10.29-05.47.18:272][224]LogModuleManager: Shutting down and abandoning module TreeMap (166)
[2015.10.29-05.47.18:272][224]LogModuleManager: Shutting down and abandoning module ReferenceViewer (165)
[2015.10.29-05.47.18:272][224]LogModuleManager: Shutting down and abandoning module LocalizationService (164)
[2015.10.29-05.47.18:273][224]LogModuleManager: Shutting down and abandoning module LocalizationDashboard (163)
[2015.10.29-05.47.18:273][224]LogModuleManager: Shutting down and abandoning module HardwareTargeting (162)
[2015.10.29-05.47.18:273][224]LogModuleManager: Shutting down and abandoning module DeviceProfileEditor (161)
[2015.10.29-05.47.18:273][224]LogModuleManager: Shutting down and abandoning module UndoHistory (160)
[2015.10.29-05.47.18:273][224]LogModuleManager: Shutting down and abandoning module GameplayTagsEditor (159)
[2015.10.29-05.47.18:273][224]LogModuleManager: Shutting down and abandoning module UserFeedback (158)
[2015.10.29-05.47.18:273][224]LogModuleManager: Shutting down and abandoning module XmlParser (157)
[2015.10.29-05.47.18:273][224]LogModuleManager: Shutting down and abandoning module Blutility (156)
[2015.10.29-05.47.18:273][224]LogModuleManager: Shutting down and abandoning module ProjectTargetPlatformEditor (155)
[2015.10.29-05.47.18:274][224]LogModuleManager: Shutting down and abandoning module ProjectSettingsViewer (154)
[2015.10.29-05.47.18:274][224]LogModuleManager: Shutting down and abandoning module InputBindingEditor (153)
[2015.10.29-05.47.18:274][224]LogModuleManager: Shutting down and abandoning module EditorSettingsViewer (152)
[2015.10.29-05.47.18:274][224]LogModuleManager: Shutting down and abandoning module SettingsEditor (151)
[2015.10.29-05.47.18:275][224]LogModuleManager: Shutting down and abandoning module ProjectLauncher (150)
[2015.10.29-05.47.18:275][224]LogModuleManager: Shutting down and abandoning module SessionFrontend (149)
[2015.10.29-05.47.18:275][224]LogModuleManager: Shutting down and abandoning module ProfilerClient (148)
[2015.10.29-05.47.18:276][224]LogModuleManager: Shutting down and abandoning module TargetDeviceServices (147)
[2015.10.29-05.47.18:276][224]LogModuleManager: Shutting down and abandoning module DeviceManager (146)
[2015.10.29-05.47.18:276][224]LogModuleManager: Shutting down and abandoning module AutomationController (145)
[2015.10.29-05.47.18:277][224]LogModuleManager: Shutting down and abandoning module AutomationWindow (144)
[2015.10.29-05.47.18:277][224]LogModuleManager: Shutting down and abandoning module Layers (143)
[2015.10.29-05.47.18:279][224]LogModuleManager: Shutting down and abandoning module ComponentVisualizers (142)
[2015.10.29-05.47.18:279][224]LogModuleManager: Shutting down and abandoning module DetailCustomizations (141)
[2015.10.29-05.47.18:280][224]LogModuleManager: Shutting down and abandoning module PackagesDialog (140)
[2015.10.29-05.47.18:280][224]LogModuleManager: Shutting down and abandoning module Persona (139)
[2015.10.29-05.47.18:281][224]LogModuleManager: Shutting down and abandoning module Kismet (138)
[2015.10.29-05.47.18:281][224]LogModuleManager: Shutting down and abandoning module GraphEditor (137)
[2015.10.29-05.47.18:281][224]LogModuleManager: Shutting down and abandoning module ClassViewer (136)
[2015.10.29-05.47.18:281][224]LogModuleManager: Shutting down and abandoning module Toolbox (135)
[2015.10.29-05.47.18:281][224]LogModuleManager: Shutting down and abandoning module ModuleUI (134)
[2015.10.29-05.47.18:282][224]LogModuleManager: Shutting down and abandoning module MovieSceneTools (133)
[2015.10.29-05.47.18:282][224]LogModuleManager: Shutting down and abandoning module OutputLog (132)
[2015.10.29-05.47.18:282][224]LogModuleManager: Shutting down and abandoning module GammaUI (131)
[2015.10.29-05.47.18:282][224]LogModuleManager: Shutting down and abandoning module Documentation (130)
[2015.10.29-05.47.18:282][224]LogModuleManager: Shutting down and abandoning module GameLiveStreaming (129)
[2015.10.29-05.47.18:283][224]LogModuleManager: Shutting down and abandoning module StreamingPauseRendering (128)
[2015.10.29-05.47.18:283][224]LogModuleManager: Shutting down and abandoning module AnalyticsET (127)
[2015.10.29-05.47.18:283][224]LogModuleManager: Shutting down and abandoning module Analytics (126)
[2015.10.29-05.47.18:283][224]LogModuleManager: Shutting down and abandoning module AITestSuite (125)
[2015.10.29-05.47.18:283][224]LogModuleManager: Shutting down and abandoning module GameplayDebugger (124)
[2015.10.29-05.47.18:283][224]LogModuleManager: Shutting down and abandoning module AIModule (123)
[2015.10.29-05.47.18:283][224]LogModuleManager: Shutting down and abandoning module ProfilerService (122)
[2015.10.29-05.47.18:344][224]LogModuleManager: Shutting down and abandoning module TaskGraph (121)
[2015.10.29-05.47.18:345][224]LogModuleManager: Shutting down and abandoning module SlateRemote (120)
[2015.10.29-05.47.18:345][224]LogModuleManager: Shutting down and abandoning module SteamVRController (119)
[2015.10.29-05.47.18:345][224]LogModuleManager: Shutting down and abandoning module SteamVR (118)
[2015.10.29-05.47.18:345][224]LogModuleManager: Shutting down and abandoning module ProceduralMeshComponent (117)
[2015.10.29-05.47.18:345][224]LogModuleManager: Shutting down and abandoning module OculusRift (116)
[2015.10.29-05.47.18:345][224]LogModuleManager: Shutting down and abandoning module OculusLibrary (115)
[2015.10.29-05.47.18:345][224]LogModuleManager: Shutting down and abandoning module LeapMotionController (114)
[2015.10.29-05.47.18:363][224]LogModuleManager: Shutting down and abandoning module CustomMeshComponent (113)
[2015.10.29-05.47.18:364][224]LogModuleManager: Shutting down and abandoning module CableComponent (112)
[2015.10.29-05.47.18:364][224]LogModuleManager: Shutting down and abandoning module ArchVisCharacter (111)
[2015.10.29-05.47.18:364][224]LogModuleManager: Shutting down and abandoning module MessagingDebugger (110)
[2015.10.29-05.47.18:365][224]LogModuleManager: Shutting down and abandoning module MediaPlayerEditor (109)
[2015.10.29-05.47.18:366][224]LogModuleManager: Shutting down and abandoning module HTML5Networking (108)
[2015.10.29-05.47.18:366][224]LogModuleManager: Shutting down and abandoning module SpeedTreeImporter (107)
[2015.10.29-05.47.18:366][224]LogModuleManager: Shutting down and abandoning module PluginBrowser (106)
[2015.10.29-05.47.18:366][224]LogModuleManager: Shutting down and abandoning module EpicSurvey (105)
[2015.10.29-05.47.18:366][224]LogModuleManager: Shutting down and abandoning module DesktopPlatform (104)
[2015.10.29-05.47.18:366][224]LogModuleManager: Shutting down and abandoning module VisualStudioSourceCodeAccess (103)
[2015.10.29-05.47.18:367][224]LogModuleManager: Shutting down and abandoning module UObjectPlugin (102)
[2015.10.29-05.47.18:367][224]LogModuleManager: Shutting down and abandoning module SubversionSourceControl (101)
[2015.10.29-05.47.18:367][224]LogModuleManager: Shutting down and abandoning module PerforceSourceControl (100)
[2015.10.29-05.47.18:368][224]LogModuleManager: Shutting down and abandoning module SourceControl (99)
[2015.10.29-05.47.18:368][224]LogModuleManager: Shutting down and abandoning module GitSourceControl (98)
[2015.10.29-05.47.18:369][224]LogModuleManager: Shutting down and abandoning module LightPropagationVolumeEditor (97)
[2015.10.29-05.47.18:369][224]LogModuleManager: Shutting down and abandoning module PaperTiledImporter (96)
[2015.10.29-05.47.18:369][224]LogModuleManager: Shutting down and abandoning module PaperSpriteSheetImporter (95)
[2015.10.29-05.47.18:369][224]LogModuleManager: Shutting down and abandoning module MeshPaint (94)
[2015.10.29-05.47.18:369][224]LogModuleManager: Shutting down and abandoning module SlateReflector (93)
[2015.10.29-05.47.18:370][224]LogModuleManager: Shutting down and abandoning module HotReload (92)
[2015.10.29-05.47.18:370][224]LogModuleManager: Shutting down and abandoning module MainFrame (91)
[2015.10.29-05.47.18:370][224]LogModuleManager: Shutting down and abandoning module LevelEditor (90)
[2015.10.29-05.47.18:371][224]LogModuleManager: Shutting down and abandoning module DirectoryWatcher (89)
[2015.10.29-05.47.18:371][224]LogModuleManager: Shutting down and abandoning module AssetRegistry (88)
[2015.10.29-05.47.18:460][224]LogModuleManager: Shutting down and abandoning module ContentBrowser (87)
[2015.10.29-05.47.18:461][224]LogModuleManager: Shutting down and abandoning module Paper2DEditor (86)
[2015.10.29-05.47.18:462][224]LogModuleManager: Shutting down and abandoning module UdpMessaging (85)
[2015.10.29-05.47.18:562][224]LogModuleManager: Shutting down and abandoning module LightPropagationVolumeRuntime (84)
[2015.10.29-05.47.18:562][224]LogModuleManager: Shutting down and abandoning module Paper2D (83)
[2015.10.29-05.47.18:562][224]LogModuleManager: Shutting down and abandoning module WindowsMoviePlayer (82)
[2015.10.29-05.47.18:562][224]LogModuleManager: Shutting down and abandoning module Media (81)
[2015.10.29-05.47.18:562][224]LogModuleManager: Shutting down and abandoning module WmfMedia (80)
[2015.10.29-05.47.18:564][224]LogModuleManager: Shutting down and abandoning module OnlineBlueprintSupport (79)
[2015.10.29-05.47.18:564][224]LogModuleManager: Shutting down and abandoning module GameplayTasksEditor (78)
[2015.10.29-05.47.18:564][224]LogModuleManager: Shutting down and abandoning module PropertyEditor (77)
[2015.10.29-05.47.18:564][224]LogModuleManager: Shutting down and abandoning module BehaviorTreeEditor (76)
[2015.10.29-05.47.18:565][224]LogModuleManager: Shutting down and abandoning module FunctionalTesting (75)
[2015.10.29-05.47.18:565][224]LogModuleManager: Shutting down and abandoning module CollisionAnalyzer (74)
[2015.10.29-05.47.18:566][224]LogModuleManager: Shutting down and abandoning module WorkspaceMenuStructure (73)
[2015.10.29-05.47.18:566][224]LogModuleManager: Shutting down and abandoning module MessageLog (72)
[2015.10.29-05.47.18:566][224]LogModuleManager: Shutting down and abandoning module Sequencer (71)
[2015.10.29-05.47.18:566][224]LogModuleManager: Shutting down and abandoning module AssetTools (70)
[2015.10.29-05.47.18:568][224]LogModuleManager: Shutting down and abandoning module UMGEditor (69)
[2015.10.29-05.47.18:568][224]LogModuleManager: Shutting down and abandoning module UMG (68)
[2015.10.29-05.47.18:569][224]LogModuleManager: Shutting down and abandoning module Slate (67)
[2015.10.29-05.47.18:569][224]LogModuleManager: Shutting down and abandoning module EditorStyle (66)
[2015.10.29-05.47.18:571][224]LogModuleManager: Shutting down and abandoning module SessionServices (65)
[2015.10.29-05.47.18:571][224]LogModuleManager: Shutting down and abandoning module SourceCodeAccess (64)
[2015.10.29-05.47.18:571][224]LogModuleManager: Shutting down and abandoning module HeadMountedDisplay (63)
[2015.10.29-05.47.18:571][224]LogModuleManager: Shutting down and abandoning module XAudio2 (62)
[2015.10.29-05.47.18:571][224]LogModuleManager: Shutting down and abandoning module Networking (60)
[2015.10.29-05.47.18:571][224]LogModuleManager: Shutting down and abandoning module Core (59)
[2015.10.29-05.47.18:571][224]LogModuleManager: Shutting down and abandoning module KismetCompiler (58)
[2015.10.29-05.47.18:571][224]LogModuleManager: Shutting down and abandoning module PhysXFormats (57)
[2015.10.29-05.47.18:571][224]LogModuleManager: Shutting down and abandoning module MeshUtilities (56)
[2015.10.29-05.47.18:571][224]LogModuleManager: Shutting down and abandoning module CookingStats (55)
[2015.10.29-05.47.18:572][224]LogModuleManager: Shutting down and abandoning module DerivedDataCache (54)
[2015.10.29-05.47.18:608][224]LogDerivedDataCache: Shutdown
[2015.10.29-05.47.18:608][224]LogModuleManager: Shutting down and abandoning module ShaderFormatOpenGL (53)
[2015.10.29-05.47.18:608][224]LogModuleManager: Shutting down and abandoning module ShaderFormatD3D (52)
[2015.10.29-05.47.18:608][224]LogModuleManager: Shutting down and abandoning module MetalShaderFormat (51)
[2015.10.29-05.47.18:608][224]LogModuleManager: Shutting down and abandoning module TextureFormatUncompressed (50)
[2015.10.29-05.47.18:608][224]LogModuleManager: Shutting down and abandoning module TextureFormatPVR (49)
[2015.10.29-05.47.18:609][224]LogModuleManager: Shutting down and abandoning module TextureFormatIntelISPCTexComp (48)
[2015.10.29-05.47.18:609][224]LogModuleManager: Shutting down and abandoning module TextureFormatDXT (47)
[2015.10.29-05.47.18:609][224]LogModuleManager: Shutting down and abandoning module ImageWrapper (46)
[2015.10.29-05.47.18:609][224]LogModuleManager: Shutting down and abandoning module TextureFormatASTC (45)
[2015.10.29-05.47.18:609][224]LogModuleManager: Shutting down and abandoning module TextureFormatAndroid (44)
[2015.10.29-05.47.18:609][224]LogModuleManager: Shutting down and abandoning module AudioFormatOpus (43)
[2015.10.29-05.47.18:609][224]LogModuleManager: Shutting down and abandoning module AudioFormatOgg (42)
[2015.10.29-05.47.18:609][224]LogModuleManager: Shutting down and abandoning module AudioFormatADPCM (41)
[2015.10.29-05.47.18:610][224]LogModuleManager: Shutting down and abandoning module LinuxTargetPlatform (40)
[2015.10.29-05.47.18:610][224]LogModuleManager: Shutting down and abandoning module LinuxServerTargetPlatform (39)
[2015.10.29-05.47.18:610][224]LogModuleManager: Shutting down and abandoning module LinuxNoEditorTargetPlatform (38)
[2015.10.29-05.47.18:610][224]LogModuleManager: Shutting down and abandoning module Messaging (37)
[2015.10.29-05.47.18:610][224]LogModuleManager: Shutting down and abandoning module IOSTargetPlatform (36)
[2015.10.29-05.47.18:610][224]LogModuleManager: Shutting down and abandoning module HTML5TargetPlatform (35)
[2015.10.29-05.47.18:610][224]LogModuleManager: Shutting down and abandoning module Android_PVRTCTargetPlatform (34)
[2015.10.29-05.47.18:610][224]LogModuleManager: Shutting down and abandoning module Android_ETC2TargetPlatform (33)
[2015.10.29-05.47.18:610][224]LogModuleManager: Shutting down and abandoning module Android_ETC1TargetPlatform (32)
[2015.10.29-05.47.18:611][224]LogModuleManager: Shutting down and abandoning module Android_DXTTargetPlatform (31)
[2015.10.29-05.47.18:611][224]LogModuleManager: Shutting down and abandoning module Android_ATCTargetPlatform (30)
[2015.10.29-05.47.18:611][224]LogModuleManager: Shutting down and abandoning module Android_ASTCTargetPlatform (29)
[2015.10.29-05.47.18:611][224]LogModuleManager: Shutting down and abandoning module AndroidTargetPlatform (28)
[2015.10.29-05.47.18:612][224]LogModuleManager: Shutting down and abandoning module WindowsTargetPlatform (27)
[2015.10.29-05.47.18:612][224]LogModuleManager: Shutting down and abandoning module WindowsServerTargetPlatform (26)
[2015.10.29-05.47.18:612][224]LogModuleManager: Shutting down and abandoning module WindowsNoEditorTargetPlatform (25)
[2015.10.29-05.47.18:612][224]LogModuleManager: Shutting down and abandoning module WindowsClientTargetPlatform (24)
[2015.10.29-05.47.18:612][224]LogModuleManager: Shutting down and abandoning module AllDesktopTargetPlatform (23)
[2015.10.29-05.47.18:612][224]LogModuleManager: Shutting down and abandoning module TargetPlatform (22)
[2015.10.29-05.47.18:612][224]LogModuleManager: Shutting down and abandoning module InputCore (21)
[2015.10.29-05.47.18:612][224]LogModuleManager: Shutting down and abandoning module Settings (20)
[2015.10.29-05.47.18:612][224]LogModuleManager: Shutting down and abandoning module OnlineSubsystem (18)
[2015.10.29-05.47.18:612][224]LogModuleManager: Shutting down and abandoning module HTTP (17)
[2015.10.29-05.47.20:613][224]LogModuleManager: Shutting down and abandoning module XMPP (16)
[2015.10.29-05.47.20:616][224]LogModuleManager: Shutting down and abandoning module ExampleDeviceProfileSelector (15)
[2015.10.29-05.47.20:616][224]LogModuleManager: Shutting down and abandoning module TextureCompressor (14)
[2015.10.29-05.47.20:616][224]LogModuleManager: Shutting down and abandoning module ShaderCore (13)
[2015.10.29-05.47.20:616][224]LogModuleManager: Shutting down and abandoning module Landscape (12)
[2015.10.29-05.47.20:616][224]LogModuleManager: Shutting down and abandoning module SlateRHIRenderer (11)
[2015.10.29-05.47.20:618][224]LogModuleManager: Shutting down and abandoning module OpenGLDrv (10)
[2015.10.29-05.47.20:618][224]LogModuleManager: Shutting down and abandoning module D3D11RHI (9)
[2015.10.29-05.47.20:618][224]LogModuleManager: Shutting down and abandoning module AnimGraphRuntime (8)
[2015.10.29-05.47.20:618][224]LogModuleManager: Shutting down and abandoning module Renderer (7)
[2015.10.29-05.47.20:618][224]LogModuleManager: Shutting down and abandoning module Engine (6)
[2015.10.29-05.47.20:618][224]LogModuleManager: Shutting down and abandoning module CoreUObject (5)
[2015.10.29-05.47.20:618][224]LogModuleManager: Shutting down and abandoning module NetworkFile (4)
[2015.10.29-05.47.20:619][224]LogModuleManager: Shutting down and abandoning module StreamingFile (3)
[2015.10.29-05.47.20:619][224]LogModuleManager: Shutting down and abandoning module SandboxFile (2)
[2015.10.29-05.47.20:619][224]LogModuleManager: Shutting down and abandoning module PakFile (1)
[2015.10.29-05.47.20:622][224]LogExit: Exiting.
[2015.10.29-05.47.20:648][224]Log file closed, 10/29/15 16:47:20
